This is pdfTeX, Version 3.141592653-2.6-1.40.22 (TeX Live 2022/dev/Debian) (preloaded format=pdflatex 2024.3.28)  16 JUL 2024 14:22
entering extended mode
 restricted \write18 enabled.
 file:line:error style messages enabled.
 %&-line parsing enabled.
**/home/zhangxin/draft/multgrid/1303.1377/aAMG4QCD.tex
(/home/zhangxin/draft/multgrid/1303.1377/aAMG4QCD.tex
LaTeX2e <2021-11-15> patch level 1
L3 programming layer <2022-01-21> (./siamltex.cls
Document Class: siamltex 1996/10/11 v1.2 LaTeX document class
(/usr/share/texlive/texmf-dist/tex/latex/base/leqno.clo
File: leqno.clo 2016/12/29 v1.2b Standard LaTeX option (left equation numbers)
) (./siam10.clo
File: siam10.clo 1994/10/01 v1.0 SIAM LaTeX file (size option)
)
\c@section=\count185
\c@subsection=\count186
\c@subsubsection=\count187
\c@paragraph=\count188
\c@subparagraph=\count189
\c@rmnum=\count190
\c@muni=\count191
\c@theorem=\count192

Warning: Unable to fix unknown version of \eqnarray.
\c@figure=\count193
\c@table=\count194
\abovecaptionskip=\skip47
\belowcaptionskip=\skip48
\bibindent=\dimen138
) (/usr/share/texlive/texmf-dist/tex/xelatex/xecjk/xeCJK.sty (/usr/share/texlive/texmf-dist/tex/latex/l3kernel/expl3.sty
Package: expl3 2022-01-21 L3 programming layer (loader) 
 (/usr/share/texlive/texmf-dist/tex/latex/l3backend/l3backend-pdftex.def
File: l3backend-pdftex.def 2022-01-12 L3 backend support: PDF output (pdfTeX)
\l__color_backend_stack_int=\count195
\l__pdf_internal_box=\box50
))
Package: xeCJK 2021/12/12 v3.8.8 Typesetting CJK scripts with XeLaTeX


/usr/share/texlive/texmf-dist/tex/xelatex/xecjk/xeCJK.sty:43: Critical Package xeCJK Error: The xeCJK package requires XeTeX to function.
(xeCJK)                         
(xeCJK)                         You must change your typesetting engine to
(xeCJK)                         "xelatex"
(xeCJK)                         instead of plain "latex" or "pdflatex" or
(xeCJK)                         "lualatex".
(xeCJK)                         Loading xeCJK will abort!

Type <return> to continue.
 ...                                              
                                                  
l.43 ..._critical:nn { xeCJK } { Require-XeTeX } }
                                                  

LaTeX does not know anything more about this error, sorry.

Try typing <return> to proceed.
If that doesn't work, type X <return> to quit.

Reading the current file 'xeCJK' will stop.


) (/usr/share/texlive/texmf-dist/tex/latex/amsmath/amsmath.sty
Package: amsmath 2021/10/15 v2.17l AMS math features
\@mathmargin=\skip49

For additional information on amsmath, use the `?' option.
(/usr/share/texlive/texmf-dist/tex/latex/amsmath/amstext.sty
Package: amstext 2021/08/26 v2.01 AMS text
 (/usr/share/texlive/texmf-dist/tex/latex/amsmath/amsgen.sty
File: amsgen.sty 1999/11/30 v2.0 generic functions
\@emptytoks=\toks16
\ex@=\dimen139
)) (/usr/share/texlive/texmf-dist/tex/latex/amsmath/amsbsy.sty
Package: amsbsy 1999/11/29 v1.2d Bold Symbols
\pmbraise@=\dimen140
) (/usr/share/texlive/texmf-dist/tex/latex/amsmath/amsopn.sty
Package: amsopn 2021/08/26 v2.02 operator names
)
\inf@bad=\count196
LaTeX Info: Redefining \frac on input line 234.
\uproot@=\count197
\leftroot@=\count198
LaTeX Info: Redefining \overline on input line 399.
\classnum@=\count199
\DOTSCASE@=\count266
LaTeX Info: Redefining \ldots on input line 496.
LaTeX Info: Redefining \dots on input line 499.
LaTeX Info: Redefining \cdots on input line 620.
\Mathstrutbox@=\box51
\strutbox@=\box52
\big@size=\dimen141
LaTeX Font Info:    Redeclaring font encoding OML on input line 743.
LaTeX Font Info:    Redeclaring font encoding OMS on input line 744.
\macc@depth=\count267
\c@MaxMatrixCols=\count268
\dotsspace@=\muskip16
\c@parentequation=\count269
\dspbrk@lvl=\count270
\tag@help=\toks17
\row@=\count271
\column@=\count272
\maxfields@=\count273
\andhelp@=\toks18
\eqnshift@=\dimen142
\alignsep@=\dimen143
\tagshift@=\dimen144
\tagwidth@=\dimen145
\totwidth@=\dimen146
\lineht@=\dimen147
\@envbody=\toks19
\multlinegap=\skip50
\multlinetaggap=\skip51
\mathdisplay@stack=\toks20
LaTeX Info: Redefining \[ on input line 2938.
LaTeX Info: Redefining \] on input line 2939.
) (/usr/share/texlive/texmf-dist/tex/latex/graphics/color.sty
Package: color 2021/12/07 v1.3c Standard LaTeX Color (DPC)
 (/usr/share/texlive/texmf-dist/tex/latex/graphics-cfg/color.cfg
File: color.cfg 2016/01/02 v1.6 sample color configuration
)
Package color Info: Driver file: pdftex.def on input line 149.
 (/usr/share/texlive/texmf-dist/tex/latex/graphics-def/pdftex.def
File: pdftex.def 2020/10/05 v1.2a Graphics/color driver for pdftex
)) (/usr/share/texlive/texmf-dist/tex/latex/amsfonts/amsfonts.sty
Package: amsfonts 2013/01/14 v3.01 Basic AMSFonts support
\symAMSa=\mathgroup4
\symAMSb=\mathgroup5
LaTeX Font Info:    Redeclaring math symbol \hbar on input line 98.
LaTeX Font Info:    Overwriting math alphabet `\mathfrak' in version `bold'
(Font)                  U/euf/m/n --> U/euf/b/n on input line 106.
) (/usr/share/texlive/texmf-dist/tex/latex/graphics/graphicx.sty
Package: graphicx 2021/09/16 v1.2d Enhanced LaTeX Graphics (DPC,SPQR)
 (/usr/share/texlive/texmf-dist/tex/latex/graphics/keyval.sty
Package: keyval 2014/10/28 v1.15 key=value parser (DPC)
\KV@toks@=\toks21
) (/usr/share/texlive/texmf-dist/tex/latex/graphics/graphics.sty
Package: graphics 2021/03/04 v1.4d Standard LaTeX Graphics (DPC,SPQR)
 (/usr/share/texlive/texmf-dist/tex/latex/graphics/trig.sty
Package: trig 2021/08/11 v1.11 sin cos tan (DPC)
) (/usr/share/texlive/texmf-dist/tex/latex/graphics-cfg/graphics.cfg
File: graphics.cfg 2016/06/04 v1.11 sample graphics configuration
)
Package graphics Info: Driver file: pdftex.def on input line 107.
)
\Gin@req@height=\dimen148
\Gin@req@width=\dimen149
) (/usr/share/texlive/texmf-dist/tex/latex/pgf/frontendlayer/tikz.sty (/usr/share/texlive/texmf-dist/tex/latex/pgf/basiclayer/pgf.sty (/usr/share/texlive/texmf-dist/tex/latex/pgf/utilities/pgfrcs.sty (/usr/share/texlive/texmf-dist/tex/generic/pgf/utilities/pgfutil-common.tex
\pgfutil@everybye=\toks22
\pgfutil@tempdima=\dimen150
\pgfutil@tempdimb=\dimen151
 (/usr/share/texlive/texmf-dist/tex/generic/pgf/utilities/pgfutil-common-lists.tex)) (/usr/share/texlive/texmf-dist/tex/generic/pgf/utilities/pgfutil-latex.def
\pgfutil@abb=\box53
) (/usr/share/texlive/texmf-dist/tex/generic/pgf/utilities/pgfrcs.code.tex (/usr/share/texlive/texmf-dist/tex/generic/pgf/pgf.revision.tex)
Package: pgfrcs 2021/05/15 v3.1.9a (3.1.9a)
))
Package: pgf 2021/05/15 v3.1.9a (3.1.9a)
 (/usr/share/texlive/texmf-dist/tex/latex/pgf/basiclayer/pgfcore.sty (/usr/share/texlive/texmf-dist/tex/latex/pgf/systemlayer/pgfsys.sty (/usr/share/texlive/texmf-dist/tex/generic/pgf/systemlayer/pgfsys.code.tex
Package: pgfsys 2021/05/15 v3.1.9a (3.1.9a)
 (/usr/share/texlive/texmf-dist/tex/generic/pgf/utilities/pgfkeys.code.tex
\pgfkeys@pathtoks=\toks23
\pgfkeys@temptoks=\toks24
 (/usr/share/texlive/texmf-dist/tex/generic/pgf/utilities/pgfkeysfiltered.code.tex
\pgfkeys@tmptoks=\toks25
))
\pgf@x=\dimen152
\pgf@y=\dimen153
\pgf@xa=\dimen154
\pgf@ya=\dimen155
\pgf@xb=\dimen156
\pgf@yb=\dimen157
\pgf@xc=\dimen158
\pgf@yc=\dimen159
\pgf@xd=\dimen160
\pgf@yd=\dimen161
\w@pgf@writea=\write3
\r@pgf@reada=\read2
\c@pgf@counta=\count274
\c@pgf@countb=\count275
\c@pgf@countc=\count276
\c@pgf@countd=\count277
\t@pgf@toka=\toks26
\t@pgf@tokb=\toks27
\t@pgf@tokc=\toks28
\pgf@sys@id@count=\count278
 (/usr/share/texlive/texmf-dist/tex/generic/pgf/systemlayer/pgf.cfg
File: pgf.cfg 2021/05/15 v3.1.9a (3.1.9a)
)
Driver file for pgf: pgfsys-pdftex.def
 (/usr/share/texlive/texmf-dist/tex/generic/pgf/systemlayer/pgfsys-pdftex.def
File: pgfsys-pdftex.def 2021/05/15 v3.1.9a (3.1.9a)
 (/usr/share/texlive/texmf-dist/tex/generic/pgf/systemlayer/pgfsys-common-pdf.def
File: pgfsys-common-pdf.def 2021/05/15 v3.1.9a (3.1.9a)
))) (/usr/share/texlive/texmf-dist/tex/generic/pgf/systemlayer/pgfsyssoftpath.code.tex
File: pgfsyssoftpath.code.tex 2021/05/15 v3.1.9a (3.1.9a)
\pgfsyssoftpath@smallbuffer@items=\count279
\pgfsyssoftpath@bigbuffer@items=\count280
) (/usr/share/texlive/texmf-dist/tex/generic/pgf/systemlayer/pgfsysprotocol.code.tex
File: pgfsysprotocol.code.tex 2021/05/15 v3.1.9a (3.1.9a)
)) (/usr/share/texlive/texmf-dist/tex/latex/xcolor/xcolor.sty
Package: xcolor 2021/10/31 v2.13 LaTeX color extensions (UK)
 (/usr/share/texlive/texmf-dist/tex/latex/graphics-cfg/color.cfg
File: color.cfg 2016/01/02 v1.6 sample color configuration
)
Package xcolor Info: Driver file: pdftex.def on input line 227.
LaTeX Info: Redefining \color on input line 711.
Package xcolor Info: Model `cmy' substituted by `cmy0' on input line 1352.
Package xcolor Info: Model `hsb' substituted by `rgb' on input line 1356.
Package xcolor Info: Model `RGB' extended on input line 1368.
Package xcolor Info: Model `HTML' substituted by `rgb' on input line 1370.
Package xcolor Info: Model `Hsb' substituted by `hsb' on input line 1371.
Package xcolor Info: Model `tHsb' substituted by `hsb' on input line 1372.
Package xcolor Info: Model `HSB' substituted by `hsb' on input line 1373.
Package xcolor Info: Model `Gray' substituted by `gray' on input line 1374.
Package xcolor Info: Model `wave' substituted by `hsb' on input line 1375.
) (/usr/share/texlive/texmf-dist/tex/generic/pgf/basiclayer/pgfcore.code.tex
Package: pgfcore 2021/05/15 v3.1.9a (3.1.9a)
 (/usr/share/texlive/texmf-dist/tex/generic/pgf/math/pgfmath.code.tex (/usr/share/texlive/texmf-dist/tex/generic/pgf/math/pgfmathcalc.code.tex (/usr/share/texlive/texmf-dist/tex/generic/pgf/math/pgfmathutil.code.tex) (/usr/share/texlive/texmf-dist/tex/generic/pgf/math/pgfmathparser.code.tex
\pgfmath@dimen=\dimen162
\pgfmath@count=\count281
\pgfmath@box=\box54
\pgfmath@toks=\toks29
\pgfmath@stack@operand=\toks30
\pgfmath@stack@operation=\toks31
) (/usr/share/texlive/texmf-dist/tex/generic/pgf/math/pgfmathfunctions.code.tex (/usr/share/texlive/texmf-dist/tex/generic/pgf/math/pgfmathfunctions.basic.code.tex) (/usr/share/texlive/texmf-dist/tex/generic/pgf/math/pgfmathfunctions.trigonometric.code.tex) (/usr/share/texlive/texmf-dist/tex/generic/pgf/math/pgfmathfunctions.random.code.tex) (/usr/share/texlive/texmf-dist/tex/generic/pgf/math/pgfmathfunctions.comparison.code.tex) (/usr/share/texlive/texmf-dist/tex/generic/pgf/math/pgfmathfunctions.base.code.tex) (/usr/share/texlive/texmf-dist/tex/generic/pgf/math/pgfmathfunctions.round.code.tex) (/usr/share/texlive/texmf-dist/tex/generic/pgf/math/pgfmathfunctions.misc.code.tex) (/usr/share/texlive/texmf-dist/tex/generic/pgf/math/pgfmathfunctions.integerarithmetics.code.tex))) (/usr/share/texlive/texmf-dist/tex/generic/pgf/math/pgfmathfloat.code.tex
\c@pgfmathroundto@lastzeros=\count282
)) (/usr/share/texlive/texmf-dist/tex/generic/pgf/math/pgfint.code.tex) (/usr/share/texlive/texmf-dist/tex/generic/pgf/basiclayer/pgfcorepoints.code.tex
File: pgfcorepoints.code.tex 2021/05/15 v3.1.9a (3.1.9a)
\pgf@picminx=\dimen163
\pgf@picmaxx=\dimen164
\pgf@picminy=\dimen165
\pgf@picmaxy=\dimen166
\pgf@pathminx=\dimen167
\pgf@pathmaxx=\dimen168
\pgf@pathminy=\dimen169
\pgf@pathmaxy=\dimen170
\pgf@xx=\dimen171
\pgf@xy=\dimen172
\pgf@yx=\dimen173
\pgf@yy=\dimen174
\pgf@zx=\dimen175
\pgf@zy=\dimen176
) (/usr/share/texlive/texmf-dist/tex/generic/pgf/basiclayer/pgfcorepathconstruct.code.tex
File: pgfcorepathconstruct.code.tex 2021/05/15 v3.1.9a (3.1.9a)
\pgf@path@lastx=\dimen177
\pgf@path@lasty=\dimen178
) (/usr/share/texlive/texmf-dist/tex/generic/pgf/basiclayer/pgfcorepathusage.code.tex
File: pgfcorepathusage.code.tex 2021/05/15 v3.1.9a (3.1.9a)
\pgf@shorten@end@additional=\dimen179
\pgf@shorten@start@additional=\dimen180
) (/usr/share/texlive/texmf-dist/tex/generic/pgf/basiclayer/pgfcorescopes.code.tex
File: pgfcorescopes.code.tex 2021/05/15 v3.1.9a (3.1.9a)
\pgfpic=\box55
\pgf@hbox=\box56
\pgf@layerbox@main=\box57
\pgf@picture@serial@count=\count283
) (/usr/share/texlive/texmf-dist/tex/generic/pgf/basiclayer/pgfcoregraphicstate.code.tex
File: pgfcoregraphicstate.code.tex 2021/05/15 v3.1.9a (3.1.9a)
\pgflinewidth=\dimen181
) (/usr/share/texlive/texmf-dist/tex/generic/pgf/basiclayer/pgfcoretransformations.code.tex
File: pgfcoretransformations.code.tex 2021/05/15 v3.1.9a (3.1.9a)
\pgf@pt@x=\dimen182
\pgf@pt@y=\dimen183
\pgf@pt@temp=\dimen184
) (/usr/share/texlive/texmf-dist/tex/generic/pgf/basiclayer/pgfcorequick.code.tex
File: pgfcorequick.code.tex 2021/05/15 v3.1.9a (3.1.9a)
) (/usr/share/texlive/texmf-dist/tex/generic/pgf/basiclayer/pgfcoreobjects.code.tex
File: pgfcoreobjects.code.tex 2021/05/15 v3.1.9a (3.1.9a)
) (/usr/share/texlive/texmf-dist/tex/generic/pgf/basiclayer/pgfcorepathprocessing.code.tex
File: pgfcorepathprocessing.code.tex 2021/05/15 v3.1.9a (3.1.9a)
) (/usr/share/texlive/texmf-dist/tex/generic/pgf/basiclayer/pgfcorearrows.code.tex
File: pgfcorearrows.code.tex 2021/05/15 v3.1.9a (3.1.9a)
\pgfarrowsep=\dimen185
) (/usr/share/texlive/texmf-dist/tex/generic/pgf/basiclayer/pgfcoreshade.code.tex
File: pgfcoreshade.code.tex 2021/05/15 v3.1.9a (3.1.9a)
\pgf@max=\dimen186
\pgf@sys@shading@range@num=\count284
\pgf@shadingcount=\count285
) (/usr/share/texlive/texmf-dist/tex/generic/pgf/basiclayer/pgfcoreimage.code.tex
File: pgfcoreimage.code.tex 2021/05/15 v3.1.9a (3.1.9a)
 (/usr/share/texlive/texmf-dist/tex/generic/pgf/basiclayer/pgfcoreexternal.code.tex
File: pgfcoreexternal.code.tex 2021/05/15 v3.1.9a (3.1.9a)
\pgfexternal@startupbox=\box58
)) (/usr/share/texlive/texmf-dist/tex/generic/pgf/basiclayer/pgfcorelayers.code.tex
File: pgfcorelayers.code.tex 2021/05/15 v3.1.9a (3.1.9a)
) (/usr/share/texlive/texmf-dist/tex/generic/pgf/basiclayer/pgfcoretransparency.code.tex
File: pgfcoretransparency.code.tex 2021/05/15 v3.1.9a (3.1.9a)
) (/usr/share/texlive/texmf-dist/tex/generic/pgf/basiclayer/pgfcorepatterns.code.tex
File: pgfcorepatterns.code.tex 2021/05/15 v3.1.9a (3.1.9a)
) (/usr/share/texlive/texmf-dist/tex/generic/pgf/basiclayer/pgfcorerdf.code.tex
File: pgfcorerdf.code.tex 2021/05/15 v3.1.9a (3.1.9a)
))) (/usr/share/texlive/texmf-dist/tex/generic/pgf/modules/pgfmoduleshapes.code.tex
File: pgfmoduleshapes.code.tex 2021/05/15 v3.1.9a (3.1.9a)
\pgfnodeparttextbox=\box59
) (/usr/share/texlive/texmf-dist/tex/generic/pgf/modules/pgfmoduleplot.code.tex
File: pgfmoduleplot.code.tex 2021/05/15 v3.1.9a (3.1.9a)
) (/usr/share/texlive/texmf-dist/tex/latex/pgf/compatibility/pgfcomp-version-0-65.sty
Package: pgfcomp-version-0-65 2021/05/15 v3.1.9a (3.1.9a)
\pgf@nodesepstart=\dimen187
\pgf@nodesepend=\dimen188
) (/usr/share/texlive/texmf-dist/tex/latex/pgf/compatibility/pgfcomp-version-1-18.sty
Package: pgfcomp-version-1-18 2021/05/15 v3.1.9a (3.1.9a)
)) (/usr/share/texlive/texmf-dist/tex/latex/pgf/utilities/pgffor.sty (/usr/share/texlive/texmf-dist/tex/latex/pgf/utilities/pgfkeys.sty (/usr/share/texlive/texmf-dist/tex/generic/pgf/utilities/pgfkeys.code.tex)) (/usr/share/texlive/texmf-dist/tex/latex/pgf/math/pgfmath.sty (/usr/share/texlive/texmf-dist/tex/generic/pgf/math/pgfmath.code.tex)) (/usr/share/texlive/texmf-dist/tex/generic/pgf/utilities/pgffor.code.tex
Package: pgffor 2021/05/15 v3.1.9a (3.1.9a)
 (/usr/share/texlive/texmf-dist/tex/generic/pgf/math/pgfmath.code.tex)
\pgffor@iter=\dimen189
\pgffor@skip=\dimen190
\pgffor@stack=\toks32
\pgffor@toks=\toks33
)) (/usr/share/texlive/texmf-dist/tex/generic/pgf/frontendlayer/tikz/tikz.code.tex
Package: tikz 2021/05/15 v3.1.9a (3.1.9a)
 (/usr/share/texlive/texmf-dist/tex/generic/pgf/libraries/pgflibraryplothandlers.code.tex
File: pgflibraryplothandlers.code.tex 2021/05/15 v3.1.9a (3.1.9a)
\pgf@plot@mark@count=\count286
\pgfplotmarksize=\dimen191
)
\tikz@lastx=\dimen192
\tikz@lasty=\dimen193
\tikz@lastxsaved=\dimen194
\tikz@lastysaved=\dimen195
\tikz@lastmovetox=\dimen196
\tikz@lastmovetoy=\dimen197
\tikzleveldistance=\dimen198
\tikzsiblingdistance=\dimen199
\tikz@figbox=\box60
\tikz@figbox@bg=\box61
\tikz@tempbox=\box62
\tikz@tempbox@bg=\box63
\tikztreelevel=\count287
\tikznumberofchildren=\count288
\tikznumberofcurrentchild=\count289
\tikz@fig@count=\count290
 (/usr/share/texlive/texmf-dist/tex/generic/pgf/modules/pgfmodulematrix.code.tex
File: pgfmodulematrix.code.tex 2021/05/15 v3.1.9a (3.1.9a)
\pgfmatrixcurrentrow=\count291
\pgfmatrixcurrentcolumn=\count292
\pgf@matrix@numberofcolumns=\count293
)
\tikz@expandcount=\count294
 (/usr/share/texlive/texmf-dist/tex/generic/pgf/frontendlayer/tikz/libraries/tikzlibrarytopaths.code.tex
File: tikzlibrarytopaths.code.tex 2021/05/15 v3.1.9a (3.1.9a)
))) (/usr/share/texlive/texmf-dist/tex/latex/algorithm2e/algorithm2e.sty
Package: algorithm2e 2017/07/18 v5.2 algorithms environments
\c@AlgoLine=\count295
 (/usr/share/texlive/texmf-dist/tex/latex/base/ifthen.sty
Package: ifthen 2020/11/24 v1.1c Standard LaTeX ifthen package (DPC)
)
\algocf@hangindent=\skip52
 (/usr/share/texlive/texmf-dist/tex/latex/ifoddpage/ifoddpage.sty
Package: ifoddpage 2016/04/23 v1.1 Conditionals for odd/even page detection
\c@checkoddpage=\count296
) (/usr/share/texlive/texmf-dist/tex/latex/tools/xspace.sty
Package: xspace 2014/10/28 v1.13 Space after command names (DPC,MH)
) (/usr/share/texlive/texmf-dist/tex/latex/relsize/relsize.sty
Package: relsize 2013/03/29 ver 4.1
)
\skiptotal=\skip53
\skiplinenumber=\skip54
\skiprule=\skip55
\skiphlne=\skip56
\skiptext=\skip57
\skiplength=\skip58
\algomargin=\skip59
\skipalgocfslide=\skip60
\algowidth=\dimen256
\inoutsize=\dimen257
\inoutindent=\dimen258
\interspacetitleruled=\dimen259
\interspacealgoruled=\dimen260
\interspacetitleboxruled=\dimen261
\algocf@ruledwidth=\skip61
\algocf@inoutbox=\box64
\algocf@inputbox=\box65
\AlCapSkip=\skip62
\AlCapHSkip=\skip63
\algoskipindent=\skip64
\algocf@nlbox=\box66
\algocf@hangingbox=\box67
\algocf@untilbox=\box68
\algocf@skipuntil=\skip65
\algocf@capbox=\box69
\algocf@lcaptionbox=\skip66
\algoheightruledefault=\skip67
\algoheightrule=\skip68
\algotitleheightruledefault=\skip69
\algotitleheightrule=\skip70
\c@algocfline=\count297
\c@algocfproc=\count298
\c@algocf=\count299
\algocf@algoframe=\box70
\algocf@algobox=\box71
) (/usr/share/texlive/texmf-dist/tex/latex/subfigure/subfigure.sty
Package: subfigure 2002/03/15 v2.1.5 subfigure package
\subfigtopskip=\skip71
\subfigcapskip=\skip72
\subfigcaptopadj=\dimen262
\subfigbottomskip=\skip73
\subfigcapmargin=\dimen263
\subfiglabelskip=\skip74
\c@subfigure=\count300
\c@lofdepth=\count301
\c@subtable=\count302
\c@lotdepth=\count303

****************************************
* Local config file subfigure.cfg used *
****************************************
(/usr/share/texlive/texmf-dist/tex/latex/subfigure/subfigure.cfg)
\subfig@top=\skip75
\subfig@bottom=\skip76
) (/usr/share/texlive/texmf-dist/tex/latex/booktabs/booktabs.sty
Package: booktabs 2020/01/12 v1.61803398 Publication quality tables
\heavyrulewidth=\dimen264
\lightrulewidth=\dimen265
\cmidrulewidth=\dimen266
\belowrulesep=\dimen267
\belowbottomsep=\dimen268
\aboverulesep=\dimen269
\abovetopsep=\dimen270
\cmidrulesep=\dimen271
\cmidrulekern=\dimen272
\defaultaddspace=\dimen273
\@cmidla=\count304
\@cmidlb=\count305
\@aboverulesep=\dimen274
\@belowrulesep=\dimen275
\@thisruleclass=\count306
\@lastruleclass=\count307
\@thisrulewidth=\dimen276
) (/usr/share/texlive/texmf-dist/tex/latex/wasysym/wasysym.sty
Package: wasysym 2020/01/19 v2.4 Wasy-2 symbol support package
\symwasy=\mathgroup6
LaTeX Font Info:    Overwriting symbol font `wasy' in version `bold'
(Font)                  U/wasy/m/n --> U/wasy/b/n on input line 93.
) (/usr/share/texlive/texmf-dist/tex/latex/multirow/multirow.sty
Package: multirow 2021/03/15 v2.8 Span multiple rows of a table
\multirow@colwidth=\skip77
\multirow@cntb=\count308
\multirow@dima=\skip78
\bigstrutjot=\dimen277
)
\c@confcounter=\count309
 (./aAMG4QCD.aux)
\openout1 = `aAMG4QCD.aux'.

LaTeX Font Info:    Checking defaults for OML/cmm/m/it on input line 48.
LaTeX Font Info:    ... okay on input line 48.
LaTeX Font Info:    Checking defaults for OMS/cmsy/m/n on input line 48.
LaTeX Font Info:    ... okay on input line 48.
LaTeX Font Info:    Checking defaults for OT1/cmr/m/n on input line 48.
LaTeX Font Info:    ... okay on input line 48.
LaTeX Font Info:    Checking defaults for T1/cmr/m/n on input line 48.
LaTeX Font Info:    ... okay on input line 48.
LaTeX Font Info:    Checking defaults for TS1/cmr/m/n on input line 48.
LaTeX Font Info:    ... okay on input line 48.
LaTeX Font Info:    Checking defaults for OMX/cmex/m/n on input line 48.
LaTeX Font Info:    ... okay on input line 48.
LaTeX Font Info:    Checking defaults for U/cmr/m/n on input line 48.
LaTeX Font Info:    ... okay on input line 48.
 (/usr/share/texlive/texmf-dist/tex/context/base/mkii/supp-pdf.mkii
[Loading MPS to PDF converter (version 2006.09.02).]
\scratchcounter=\count310
\scratchdimen=\dimen278
\scratchbox=\box72
\nofMPsegments=\count311
\nofMParguments=\count312
\everyMPshowfont=\toks34
\MPscratchCnt=\count313
\MPscratchDim=\dimen279
\MPnumerator=\count314
\makeMPintoPDFobject=\count315
\everyMPtoPDFconversion=\toks35
) (/usr/share/texlive/texmf-dist/tex/latex/epstopdf-pkg/epstopdf-base.sty
Package: epstopdf-base 2020-01-24 v2.11 Base part for package epstopdf
Package epstopdf-base Info: Redefining graphics rule for `.eps' on input line 485.
 (/usr/share/texlive/texmf-dist/tex/latex/latexconfig/epstopdf-sys.cfg
File: epstopdf-sys.cfg 2010/07/13 v1.3 Configuration of (r)epstopdf for TeX Live
))

/home/zhangxin/draft/multgrid/1303.1377/aAMG4QCD.tex:49: LaTeX Error: Invalid UTF-8 byte "9A.

See the LaTeX manual or LaTeX Companion for explanation.
Type  H <return>  for immediate help.
 ...                                              
                                                  
l.49 \maketitle
               
The document does not appear to be in UTF-8 encoding.
Try adding \UseRawInputEncoding as the first line of the file
or specify an encoding such as \usepackage [latin1]{inputenc}
in the document preamble.
Alternatively, save the file in UTF-8 using your editor or another tool


/home/zhangxin/draft/multgrid/1303.1377/aAMG4QCD.tex:49: LaTeX Error: Invalid UTF-8 byte "8E.

See the LaTeX manual or LaTeX Companion for explanation.
Type  H <return>  for immediate help.
 ...                                              
                                                  
l.49 \maketitle
               
The document does not appear to be in UTF-8 encoding.
Try adding \UseRawInputEncoding as the first line of the file
or specify an encoding such as \usepackage [latin1]{inputenc}
in the document preamble.
Alternatively, save the file in UTF-8 using your editor or another tool


/home/zhangxin/draft/multgrid/1303.1377/aAMG4QCD.tex:49: LaTeX Error: Unicode character »á (U+0207)
               not set up for use with LaTeX.

See the LaTeX manual or LaTeX Companion for explanation.
Type  H <return>  for immediate help.
 ...                                              
                                                  
l.49 \maketitle
               
You may provide a definition with
\DeclareUnicodeCharacter 


/home/zhangxin/draft/multgrid/1303.1377/aAMG4QCD.tex:49: LaTeX Error: Invalid UTF-8 byte "8A.

See the LaTeX manual or LaTeX Companion for explanation.
Type  H <return>  for immediate help.
 ...                                              
                                                  
l.49 \maketitle
               
The document does not appear to be in UTF-8 encoding.
Try adding \UseRawInputEncoding as the first line of the file
or specify an encoding such as \usepackage [latin1]{inputenc}
in the document preamble.
Alternatively, save the file in UTF-8 using your editor or another tool


/home/zhangxin/draft/multgrid/1303.1377/aAMG4QCD.tex:49: LaTeX Error: Unicode character …Ä (U+0240)
               not set up for use with LaTeX.

See the LaTeX manual or LaTeX Companion for explanation.
Type  H <return>  for immediate help.
 ...                                              
                                                  
l.49 \maketitle
               
You may provide a definition with
\DeclareUnicodeCharacter 


/home/zhangxin/draft/multgrid/1303.1377/aAMG4QCD.tex:49: LaTeX Error: Invalid UTF-8 byte "82.

See the LaTeX manual or LaTeX Companion for explanation.
Type  H <return>  for immediate help.
 ...                                              
                                                  
l.49 \maketitle
               
The document does not appear to be in UTF-8 encoding.
Try adding \UseRawInputEncoding as the first line of the file
or specify an encoding such as \usepackage [latin1]{inputenc}
in the document preamble.
Alternatively, save the file in UTF-8 using your editor or another tool


/home/zhangxin/draft/multgrid/1303.1377/aAMG4QCD.tex:49: LaTeX Error: Invalid UTF-8 byte "94.

See the LaTeX manual or LaTeX Companion for explanation.
Type  H <return>  for immediate help.
 ...                                              
                                                  
l.49 \maketitle
               
The document does not appear to be in UTF-8 encoding.
Try adding \UseRawInputEncoding as the first line of the file
or specify an encoding such as \usepackage [latin1]{inputenc}
in the document preamble.
Alternatively, save the file in UTF-8 using your editor or another tool


/home/zhangxin/draft/multgrid/1303.1377/aAMG4QCD.tex:49: LaTeX Error: Unicode character »Å (U+0201)
               not set up for use with LaTeX.

See the LaTeX manual or LaTeX Companion for explanation.
Type  H <return>  for immediate help.
 ...                                              
                                                  
l.49 \maketitle
               
You may provide a definition with
\DeclareUnicodeCharacter 


/home/zhangxin/draft/multgrid/1303.1377/aAMG4QCD.tex:49: LaTeX Error: Invalid UTF-8 byte "9A.

See the LaTeX manual or LaTeX Companion for explanation.
Type  H <return>  for immediate help.
 ...                                              
                                                  
l.49 \maketitle
               
The document does not appear to be in UTF-8 encoding.
Try adding \UseRawInputEncoding as the first line of the file
or specify an encoding such as \usepackage [latin1]{inputenc}
in the document preamble.
Alternatively, save the file in UTF-8 using your editor or another tool


/home/zhangxin/draft/multgrid/1303.1377/aAMG4QCD.tex:49: LaTeX Error: Invalid UTF-8 byte "88.

See the LaTeX manual or LaTeX Companion for explanation.
Type  H <return>  for immediate help.
 ...                                              
                                                  
l.49 \maketitle
               
The document does not appear to be in UTF-8 encoding.
Try adding \UseRawInputEncoding as the first line of the file
or specify an encoding such as \usepackage [latin1]{inputenc}
in the document preamble.
Alternatively, save the file in UTF-8 using your editor or another tool


/home/zhangxin/draft/multgrid/1303.1377/aAMG4QCD.tex:49: LaTeX Error: Unicode character «ö (U+01DA)
               not set up for use with LaTeX.

See the LaTeX manual or LaTeX Companion for explanation.
Type  H <return>  for immediate help.
 ...                                              
                                                  
l.49 \maketitle
               
You may provide a definition with
\DeclareUnicodeCharacter 


/home/zhangxin/draft/multgrid/1303.1377/aAMG4QCD.tex:49: LaTeX Error: Invalid UTF-8 byte "84.

See the LaTeX manual or LaTeX Companion for explanation.
Type  H <return>  for immediate help.
 ...                                              
                                                  
l.49 \maketitle
               
The document does not appear to be in UTF-8 encoding.
Try adding \UseRawInputEncoding as the first line of the file
or specify an encoding such as \usepackage [latin1]{inputenc}
in the document preamble.
Alternatively, save the file in UTF-8 using your editor or another tool


/home/zhangxin/draft/multgrid/1303.1377/aAMG4QCD.tex:49: LaTeX Error: Unicode character ∆Ä (U+0180)
               not set up for use with LaTeX.

See the LaTeX manual or LaTeX Companion for explanation.
Type  H <return>  for immediate help.
 ...                                              
                                                  
l.49 \maketitle
               
You may provide a definition with
\DeclareUnicodeCharacter 


/home/zhangxin/draft/multgrid/1303.1377/aAMG4QCD.tex:49: LaTeX Error: Invalid UTF-8 byte "9C.

See the LaTeX manual or LaTeX Companion for explanation.
Type  H <return>  for immediate help.
 ...                                              
                                                  
l.49 \maketitle
               
The document does not appear to be in UTF-8 encoding.
Try adding \UseRawInputEncoding as the first line of the file
or specify an encoding such as \usepackage [latin1]{inputenc}
in the document preamble.
Alternatively, save the file in UTF-8 using your editor or another tool


/home/zhangxin/draft/multgrid/1303.1377/aAMG4QCD.tex:49: LaTeX Error: Unicode character «Ç (U+01C2)
               not set up for use with LaTeX.

See the LaTeX manual or LaTeX Companion for explanation.
Type  H <return>  for immediate help.
 ...                                              
                                                  
l.49 \maketitle
               
You may provide a definition with
\DeclareUnicodeCharacter 


/home/zhangxin/draft/multgrid/1303.1377/aAMG4QCD.tex:49: LaTeX Error: Invalid UTF-8 byte "99.

See the LaTeX manual or LaTeX Companion for explanation.
Type  H <return>  for immediate help.
 ...                                              
                                                  
l.49 \maketitle
               
The document does not appear to be in UTF-8 encoding.
Try adding \UseRawInputEncoding as the first line of the file
or specify an encoding such as \usepackage [latin1]{inputenc}
in the document preamble.
Alternatively, save the file in UTF-8 using your editor or another tool


/home/zhangxin/draft/multgrid/1303.1377/aAMG4QCD.tex:49: LaTeX Error: Invalid UTF-8 byte "81.

See the LaTeX manual or LaTeX Companion for explanation.
Type  H <return>  for immediate help.
 ...                                              
                                                  
l.49 \maketitle
               
The document does not appear to be in UTF-8 encoding.
Try adding \UseRawInputEncoding as the first line of the file
or specify an encoding such as \usepackage [latin1]{inputenc}
in the document preamble.
Alternatively, save the file in UTF-8 using your editor or another tool


/home/zhangxin/draft/multgrid/1303.1377/aAMG4QCD.tex:49: LaTeX Error: Invalid UTF-8 byte "94.

See the LaTeX manual or LaTeX Companion for explanation.
Type  H <return>  for immediate help.
 ...                                              
                                                  
l.49 \maketitle
               
The document does not appear to be in UTF-8 encoding.
Try adding \UseRawInputEncoding as the first line of the file
or specify an encoding such as \usepackage [latin1]{inputenc}
in the document preamble.
Alternatively, save the file in UTF-8 using your editor or another tool


/home/zhangxin/draft/multgrid/1303.1377/aAMG4QCD.tex:49: LaTeX Error: Unicode character …Ä (U+0240)
               not set up for use with LaTeX.

See the LaTeX manual or LaTeX Companion for explanation.
Type  H <return>  for immediate help.
 ...                                              
                                                  
l.49 \maketitle
               
You may provide a definition with
\DeclareUnicodeCharacter 


/home/zhangxin/draft/multgrid/1303.1377/aAMG4QCD.tex:49: LaTeX Error: Invalid UTF-8 byte "8A.

See the LaTeX manual or LaTeX Companion for explanation.
Type  H <return>  for immediate help.
 ...                                              
                                                  
l.49 \maketitle
               
The document does not appear to be in UTF-8 encoding.
Try adding \UseRawInputEncoding as the first line of the file
or specify an encoding such as \usepackage [latin1]{inputenc}
in the document preamble.
Alternatively, save the file in UTF-8 using your editor or another tool


/home/zhangxin/draft/multgrid/1303.1377/aAMG4QCD.tex:49: LaTeX Error: Unicode character «ã (U+01CB)
               not set up for use with LaTeX.

See the LaTeX manual or LaTeX Companion for explanation.
Type  H <return>  for immediate help.
 ...                                              
                                                  
l.49 \maketitle
               
You may provide a definition with
\DeclareUnicodeCharacter 


/home/zhangxin/draft/multgrid/1303.1377/aAMG4QCD.tex:49: LaTeX Error: Invalid UTF-8 byte "84.

See the LaTeX manual or LaTeX Companion for explanation.
Type  H <return>  for immediate help.
 ...                                              
                                                  
l.49 \maketitle
               
The document does not appear to be in UTF-8 encoding.
Try adding \UseRawInputEncoding as the first line of the file
or specify an encoding such as \usepackage [latin1]{inputenc}
in the document preamble.
Alternatively, save the file in UTF-8 using your editor or another tool


/home/zhangxin/draft/multgrid/1303.1377/aAMG4QCD.tex:49: LaTeX Error: Unicode character ∆ã (U+018B)
               not set up for use with LaTeX.

See the LaTeX manual or LaTeX Companion for explanation.
Type  H <return>  for immediate help.
 ...                                              
                                                  
l.49 \maketitle
               
You may provide a definition with
\DeclareUnicodeCharacter 


/home/zhangxin/draft/multgrid/1303.1377/aAMG4QCD.tex:49: LaTeX Error: Invalid UTF-8 byte "89.

See the LaTeX manual or LaTeX Companion for explanation.
Type  H <return>  for immediate help.
 ...                                              
                                                  
l.49 \maketitle
               
The document does not appear to be in UTF-8 encoding.
Try adding \UseRawInputEncoding as the first line of the file
or specify an encoding such as \usepackage [latin1]{inputenc}
in the document preamble.
Alternatively, save the file in UTF-8 using your editor or another tool


/home/zhangxin/draft/multgrid/1303.1377/aAMG4QCD.tex:49: LaTeX Error: Invalid UTF-8 byte "8B.

See the LaTeX manual or LaTeX Companion for explanation.
Type  H <return>  for immediate help.
 ...                                              
                                                  
l.49 \maketitle
               
The document does not appear to be in UTF-8 encoding.
Try adding \UseRawInputEncoding as the first line of the file
or specify an encoding such as \usepackage [latin1]{inputenc}
in the document preamble.
Alternatively, save the file in UTF-8 using your editor or another tool


/home/zhangxin/draft/multgrid/1303.1377/aAMG4QCD.tex:49: LaTeX Error: Invalid UTF-8 byte "97.

See the LaTeX manual or LaTeX Companion for explanation.
Type  H <return>  for immediate help.
 ...                                              
                                                  
l.49 \maketitle
               
The document does not appear to be in UTF-8 encoding.
Try adding \UseRawInputEncoding as the first line of the file
or specify an encoding such as \usepackage [latin1]{inputenc}
in the document preamble.
Alternatively, save the file in UTF-8 using your editor or another tool


/home/zhangxin/draft/multgrid/1303.1377/aAMG4QCD.tex:49: LaTeX Error: Invalid UTF-8 byte "90.

See the LaTeX manual or LaTeX Companion for explanation.
Type  H <return>  for immediate help.
 ...                                              
                                                  
l.49 \maketitle
               
The document does not appear to be in UTF-8 encoding.
Try adding \UseRawInputEncoding as the first line of the file
or specify an encoding such as \usepackage [latin1]{inputenc}
in the document preamble.
Alternatively, save the file in UTF-8 using your editor or another tool


/home/zhangxin/draft/multgrid/1303.1377/aAMG4QCD.tex:49: LaTeX Error: Invalid UTF-8 byte "9F.

See the LaTeX manual or LaTeX Companion for explanation.
Type  H <return>  for immediate help.
 ...                                              
                                                  
l.49 \maketitle
               
The document does not appear to be in UTF-8 encoding.
Try adding \UseRawInputEncoding as the first line of the file
or specify an encoding such as \usepackage [latin1]{inputenc}
in the document preamble.
Alternatively, save the file in UTF-8 using your editor or another tool


/home/zhangxin/draft/multgrid/1303.1377/aAMG4QCD.tex:49: LaTeX Error: Invalid UTF-8 byte "86.

See the LaTeX manual or LaTeX Companion for explanation.
Type  H <return>  for immediate help.
 ...                                              
                                                  
l.49 \maketitle
               
The document does not appear to be in UTF-8 encoding.
Try adding \UseRawInputEncoding as the first line of the file
or specify an encoding such as \usepackage [latin1]{inputenc}
in the document preamble.
Alternatively, save the file in UTF-8 using your editor or another tool


/home/zhangxin/draft/multgrid/1303.1377/aAMG4QCD.tex:49: LaTeX Error: Unicode character »á (U+0207)
               not set up for use with LaTeX.

See the LaTeX manual or LaTeX Companion for explanation.
Type  H <return>  for immediate help.
 ...                                              
                                                  
l.49 \maketitle
               
You may provide a definition with
\DeclareUnicodeCharacter 


/home/zhangxin/draft/multgrid/1303.1377/aAMG4QCD.tex:49: LaTeX Error: Invalid UTF-8 byte "83.

See the LaTeX manual or LaTeX Companion for explanation.
Type  H <return>  for immediate help.
 ...                                              
                                                  
l.49 \maketitle
               
The document does not appear to be in UTF-8 encoding.
Try adding \UseRawInputEncoding as the first line of the file
or specify an encoding such as \usepackage [latin1]{inputenc}
in the document preamble.
Alternatively, save the file in UTF-8 using your editor or another tool


/home/zhangxin/draft/multgrid/1303.1377/aAMG4QCD.tex:49: LaTeX Error: Invalid UTF-8 byte "9A.

See the LaTeX manual or LaTeX Companion for explanation.
Type  H <return>  for immediate help.
 ...                                              
                                                  
l.49 \maketitle
               
The document does not appear to be in UTF-8 encoding.
Try adding \UseRawInputEncoding as the first line of the file
or specify an encoding such as \usepackage [latin1]{inputenc}
in the document preamble.
Alternatively, save the file in UTF-8 using your editor or another tool


/home/zhangxin/draft/multgrid/1303.1377/aAMG4QCD.tex:49: LaTeX Error: Unicode character …á (U+0247)
               not set up for use with LaTeX.

See the LaTeX manual or LaTeX Companion for explanation.
Type  H <return>  for immediate help.
 ...                                              
                                                  
l.49 \maketitle
               
You may provide a definition with
\DeclareUnicodeCharacter 


/home/zhangxin/draft/multgrid/1303.1377/aAMG4QCD.tex:49: LaTeX Error: Invalid UTF-8 byte "8D.

See the LaTeX manual or LaTeX Companion for explanation.
Type  H <return>  for immediate help.
 ...                                              
                                                  
l.49 \maketitle
               
The document does not appear to be in UTF-8 encoding.
Try adding \UseRawInputEncoding as the first line of the file
or specify an encoding such as \usepackage [latin1]{inputenc}
in the document preamble.
Alternatively, save the file in UTF-8 using your editor or another tool


/home/zhangxin/draft/multgrid/1303.1377/aAMG4QCD.tex:49: LaTeX Error: Unicode character «Ω (U+01FD)
               not set up for use with LaTeX.

See the LaTeX manual or LaTeX Companion for explanation.
Type  H <return>  for immediate help.
 ...                                              
                                                  
l.49 \maketitle
               
You may provide a definition with
\DeclareUnicodeCharacter 


/home/zhangxin/draft/multgrid/1303.1377/aAMG4QCD.tex:49: LaTeX Error: Invalid UTF-8 byte "91.

See the LaTeX manual or LaTeX Companion for explanation.
Type  H <return>  for immediate help.
 ...                                              
                                                  
l.49 \maketitle
               
The document does not appear to be in UTF-8 encoding.
Try adding \UseRawInputEncoding as the first line of the file
or specify an encoding such as \usepackage [latin1]{inputenc}
in the document preamble.
Alternatively, save the file in UTF-8 using your editor or another tool


/home/zhangxin/draft/multgrid/1303.1377/aAMG4QCD.tex:49: LaTeX Error: Unicode character ∆Ä (U+0180)
               not set up for use with LaTeX.

See the LaTeX manual or LaTeX Companion for explanation.
Type  H <return>  for immediate help.
 ...                                              
                                                  
l.49 \maketitle
               
You may provide a definition with
\DeclareUnicodeCharacter 


/home/zhangxin/draft/multgrid/1303.1377/aAMG4QCD.tex:49: LaTeX Error: Invalid UTF-8 byte "9C.

See the LaTeX manual or LaTeX Companion for explanation.
Type  H <return>  for immediate help.
 ...                                              
                                                  
l.49 \maketitle
               
The document does not appear to be in UTF-8 encoding.
Try adding \UseRawInputEncoding as the first line of the file
or specify an encoding such as \usepackage [latin1]{inputenc}
in the document preamble.
Alternatively, save the file in UTF-8 using your editor or another tool

LaTeX Font Info:    Trying to load font information for U+msa on input line 49.
(/usr/share/texlive/texmf-dist/tex/latex/amsfonts/umsa.fd
File: umsa.fd 2013/01/14 v3.01 AMS symbols A
)
LaTeX Font Info:    Trying to load font information for U+msb on input line 49.
 (/usr/share/texlive/texmf-dist/tex/latex/amsfonts/umsb.fd
File: umsb.fd 2013/01/14 v3.01 AMS symbols B
)
LaTeX Font Info:    Trying to load font information for U+wasy on input line 49.
 (/usr/share/texlive/texmf-dist/tex/latex/wasysym/uwasy.fd
File: uwasy.fd 2020/01/19 v2.4 Wasy-2 symbol font definitions
)
LaTeX Font Info:    Trying to load font information for OMS+cmtt on input line 49.
LaTeX Font Info:    No file OMScmtt.fd. on input line 49.


LaTeX Font Warning: Font shape `OMS/cmtt/m/n' undefined
(Font)              using `OMS/cmsy/m/n' instead
(Font)              for symbol `textbraceleft' on input line 49.


Underfull \hbox (badness 7047) in paragraph at lines 49--49
[][]\OT1/cmr/m/n/8 Department of Math-e-mat-ics, Ber-gis-che Uni-ver-sit^^?at Wup-per-tal, 42097 Ger-many, \OMS/cmtt/m/n/8 f
 []


/home/zhangxin/draft/multgrid/1303.1377/aAMG4QCD.tex:50: LaTeX Error: Unicode character Âú® (U+5728)
               not set up for use with LaTeX.

See the LaTeX manual or LaTeX Companion for explanation.
Type  H <return>  for immediate help.
 ...                                              
                                                  
l.50 \begin{abstract}Âú®
                        Ê†ºÁÇπ QCD ËÆ°ÁÆó‰∏≠ÔºåÂ§ßÈáèÁöÑÂ∑•‰ΩúÈÉΩËä±Âú®Ê±ÇËß...
You may provide a definition with
\DeclareUnicodeCharacter 


/home/zhangxin/draft/multgrid/1303.1377/aAMG4QCD.tex:50: LaTeX Error: Unicode character Ê†º (U+683C)
               not set up for use with LaTeX.

See the LaTeX manual or LaTeX Companion for explanation.
Type  H <return>  for immediate help.
 ...                                              
                                                  
l.50 \begin{abstract}Âú®Ê†º
                           ÁÇπ QCD ËÆ°ÁÆó‰∏≠ÔºåÂ§ßÈáèÁöÑÂ∑•‰ΩúÈÉΩËä±Âú®Ê±ÇËß...
You may provide a definition with
\DeclareUnicodeCharacter 


/home/zhangxin/draft/multgrid/1303.1377/aAMG4QCD.tex:50: LaTeX Error: Unicode character ÁÇπ (U+70B9)
               not set up for use with LaTeX.

See the LaTeX manual or LaTeX Companion for explanation.
Type  H <return>  for immediate help.
 ...                                              
                                                  
l.50 \begin{abstract}Âú®Ê†ºÁÇπ
                               QCD ËÆ°ÁÆó‰∏≠ÔºåÂ§ßÈáèÁöÑÂ∑•‰ΩúÈÉΩËä±Âú®Ê±ÇËß...
You may provide a definition with
\DeclareUnicodeCharacter 


/home/zhangxin/draft/multgrid/1303.1377/aAMG4QCD.tex:50: LaTeX Error: Unicode character ËÆ° (U+8BA1)
               not set up for use with LaTeX.

See the LaTeX manual or LaTeX Companion for explanation.
Type  H <return>  for immediate help.
 ...                                              
                                                  
l.50 \begin{abstract}Âú®Ê†ºÁÇπ QCD ËÆ°
                                      ÁÆó‰∏≠ÔºåÂ§ßÈáèÁöÑÂ∑•‰ΩúÈÉΩËä±Âú®Ê±ÇËß...
You may provide a definition with
\DeclareUnicodeCharacter 


/home/zhangxin/draft/multgrid/1303.1377/aAMG4QCD.tex:50: LaTeX Error: Unicode character ÁÆó (U+7B97)
               not set up for use with LaTeX.

See the LaTeX manual or LaTeX Companion for explanation.
Type  H <return>  for immediate help.
 ...                                              
                                                  
l.50 \begin{abstract}Âú®Ê†ºÁÇπ QCD ËÆ°ÁÆó
                                         ‰∏≠ÔºåÂ§ßÈáèÁöÑÂ∑•‰ΩúÈÉΩËä±Âú®Ê±ÇËß...
You may provide a definition with
\DeclareUnicodeCharacter 


/home/zhangxin/draft/multgrid/1303.1377/aAMG4QCD.tex:50: LaTeX Error: Unicode character ‰∏≠ (U+4E2D)
               not set up for use with LaTeX.

See the LaTeX manual or LaTeX Companion for explanation.
Type  H <return>  for immediate help.
 ...                                              
                                                  
l.50 \begin{abstract}Âú®Ê†ºÁÇπ QCD ËÆ°ÁÆó‰∏≠
                                            ÔºåÂ§ßÈáèÁöÑÂ∑•‰ΩúÈÉΩËä±Âú®Ê±ÇËß...
You may provide a definition with
\DeclareUnicodeCharacter 


/home/zhangxin/draft/multgrid/1303.1377/aAMG4QCD.tex:50: LaTeX Error: Unicode character Ôºå (U+FF0C)
               not set up for use with LaTeX.

See the LaTeX manual or LaTeX Companion for explanation.
Type  H <return>  for immediate help.
 ...                                              
                                                  
l.50 \begin{abstract}Âú®Ê†ºÁÇπ QCD ËÆ°ÁÆó‰∏≠Ôºå
                                               Â§ßÈáèÁöÑÂ∑•‰ΩúÈÉΩËä±Âú®Ê±ÇËß...
You may provide a definition with
\DeclareUnicodeCharacter 


/home/zhangxin/draft/multgrid/1303.1377/aAMG4QCD.tex:50: LaTeX Error: Unicode character Â§ß (U+5927)
               not set up for use with LaTeX.

See the LaTeX manual or LaTeX Companion for explanation.
Type  H <return>  for immediate help.
 ...                                              
                                                  
l.50 \begin{abstract}Âú®Ê†ºÁÇπ QCD ËÆ°ÁÆó‰∏≠ÔºåÂ§ß
                                                  ÈáèÁöÑÂ∑•‰ΩúÈÉΩËä±Âú®Ê±ÇËß...
You may provide a definition with
\DeclareUnicodeCharacter 


/home/zhangxin/draft/multgrid/1303.1377/aAMG4QCD.tex:50: LaTeX Error: Unicode character Èáè (U+91CF)
               not set up for use with LaTeX.

See the LaTeX manual or LaTeX Companion for explanation.
Type  H <return>  for immediate help.
 ...                                              
                                                  
l.50 ...{abstract}Âú®Ê†ºÁÇπ QCD ËÆ°ÁÆó‰∏≠ÔºåÂ§ßÈáè
                                                  ÁöÑÂ∑•‰ΩúÈÉΩËä±Âú®Ê±ÇËß£Á¶...
You may provide a definition with
\DeclareUnicodeCharacter 


/home/zhangxin/draft/multgrid/1303.1377/aAMG4QCD.tex:50: LaTeX Error: Unicode character ÁöÑ (U+7684)
               not set up for use with LaTeX.

See the LaTeX manual or LaTeX Companion for explanation.
Type  H <return>  for immediate help.
 ...                                              
                                                  
l.50 ...stract}Âú®Ê†ºÁÇπ QCD ËÆ°ÁÆó‰∏≠ÔºåÂ§ßÈáèÁöÑ
                                                  Â∑•‰ΩúÈÉΩËä±Âú®Ê±ÇËß£Á¶ªÊï...
You may provide a definition with
\DeclareUnicodeCharacter 


/home/zhangxin/draft/multgrid/1303.1377/aAMG4QCD.tex:50: LaTeX Error: Unicode character Â∑• (U+5DE5)
               not set up for use with LaTeX.

See the LaTeX manual or LaTeX Companion for explanation.
Type  H <return>  for immediate help.
 ...                                              
                                                  
l.50 ...act}Âú®Ê†ºÁÇπ QCD ËÆ°ÁÆó‰∏≠ÔºåÂ§ßÈáèÁöÑÂ∑•
                                                  ‰ΩúÈÉΩËä±Âú®Ê±ÇËß£Á¶ªÊï£Âå...
You may provide a definition with
\DeclareUnicodeCharacter 


/home/zhangxin/draft/multgrid/1303.1377/aAMG4QCD.tex:50: LaTeX Error: Unicode character ‰Ωú (U+4F5C)
               not set up for use with LaTeX.

See the LaTeX manual or LaTeX Companion for explanation.
Type  H <return>  for immediate help.
 ...                                              
                                                  
l.50 ...}Âú®Ê†ºÁÇπ QCD ËÆ°ÁÆó‰∏≠ÔºåÂ§ßÈáèÁöÑÂ∑•‰Ωú
                                                  ÈÉΩËä±Âú®Ê±ÇËß£Á¶ªÊï£ÂåñÁö...
You may provide a definition with
\DeclareUnicodeCharacter 


/home/zhangxin/draft/multgrid/1303.1377/aAMG4QCD.tex:50: LaTeX Error: Unicode character ÈÉΩ (U+90FD)
               not set up for use with LaTeX.

See the LaTeX manual or LaTeX Companion for explanation.
Type  H <return>  for immediate help.
 ...                                              
                                                  
l.50 ...®Ê†ºÁÇπ QCD ËÆ°ÁÆó‰∏≠ÔºåÂ§ßÈáèÁöÑÂ∑•‰ΩúÈÉΩ
                                                  Ëä±Âú®Ê±ÇËß£Á¶ªÊï£ÂåñÁöÑÁã...
You may provide a definition with
\DeclareUnicodeCharacter 


/home/zhangxin/draft/multgrid/1303.1377/aAMG4QCD.tex:50: LaTeX Error: Unicode character Ëä± (U+82B1)
               not set up for use with LaTeX.

See the LaTeX manual or LaTeX Companion for explanation.
Type  H <return>  for immediate help.
 ...                                              
                                                  
l.50 ...ºÁÇπ QCD ËÆ°ÁÆó‰∏≠ÔºåÂ§ßÈáèÁöÑÂ∑•‰ΩúÈÉΩËä±
                                                  Âú®Ê±ÇËß£Á¶ªÊï£ÂåñÁöÑÁãÑÊã...
You may provide a definition with
\DeclareUnicodeCharacter 


/home/zhangxin/draft/multgrid/1303.1377/aAMG4QCD.tex:50: LaTeX Error: Unicode character Âú® (U+5728)
               not set up for use with LaTeX.

See the LaTeX manual or LaTeX Companion for explanation.
Type  H <return>  for immediate help.
 ...                                              
                                                  
l.50 ...π QCD ËÆ°ÁÆó‰∏≠ÔºåÂ§ßÈáèÁöÑÂ∑•‰ΩúÈÉΩËä±Âú®
                                                  Ê±ÇËß£Á¶ªÊï£ÂåñÁöÑÁãÑÊãâÂÖ...
You may provide a definition with
\DeclareUnicodeCharacter 


/home/zhangxin/draft/multgrid/1303.1377/aAMG4QCD.tex:50: LaTeX Error: Unicode character Ê±Ç (U+6C42)
               not set up for use with LaTeX.

See the LaTeX manual or LaTeX Companion for explanation.
Type  H <return>  for immediate help.
 ...                                              
                                                  
l.50 ...CD ËÆ°ÁÆó‰∏≠ÔºåÂ§ßÈáèÁöÑÂ∑•‰ΩúÈÉΩËä±Âú®Ê±Ç
                                                  Ëß£Á¶ªÊï£ÂåñÁöÑÁãÑÊãâÂÖãÊñ...
You may provide a definition with
\DeclareUnicodeCharacter 


/home/zhangxin/draft/multgrid/1303.1377/aAMG4QCD.tex:50: LaTeX Error: Unicode character Ëß£ (U+89E3)
               not set up for use with LaTeX.

See the LaTeX manual or LaTeX Companion for explanation.
Type  H <return>  for immediate help.
 ...                                              
                                                  
l.50 ...ËÆ°ÁÆó‰∏≠ÔºåÂ§ßÈáèÁöÑÂ∑•‰ΩúÈÉΩËä±Âú®Ê±ÇËß£
                                                  Á¶ªÊï£ÂåñÁöÑÁãÑÊãâÂÖãÊñπÁ®...
You may provide a definition with
\DeclareUnicodeCharacter 


/home/zhangxin/draft/multgrid/1303.1377/aAMG4QCD.tex:50: LaTeX Error: Unicode character Á¶ª (U+79BB)
               not set up for use with LaTeX.

See the LaTeX manual or LaTeX Companion for explanation.
Type  H <return>  for immediate help.
 ...                                              
                                                  
l.50 ...ÁÆó‰∏≠ÔºåÂ§ßÈáèÁöÑÂ∑•‰ΩúÈÉΩËä±Âú®Ê±ÇËß£Á¶ª
                                                  Êï£ÂåñÁöÑÁãÑÊãâÂÖãÊñπÁ®ã‰∏...
You may provide a definition with
\DeclareUnicodeCharacter 


/home/zhangxin/draft/multgrid/1303.1377/aAMG4QCD.tex:50: LaTeX Error: Unicode character Êï£ (U+6563)
               not set up for use with LaTeX.

See the LaTeX manual or LaTeX Companion for explanation.
Type  H <return>  for immediate help.
 ...                                              
                                                  
l.50 ...‰∏≠ÔºåÂ§ßÈáèÁöÑÂ∑•‰ΩúÈÉΩËä±Âú®Ê±ÇËß£Á¶ªÊï£
                                                  ÂåñÁöÑÁãÑÊãâÂÖãÊñπÁ®ã‰∏ä„Ä...
You may provide a definition with
\DeclareUnicodeCharacter 


/home/zhangxin/draft/multgrid/1303.1377/aAMG4QCD.tex:50: LaTeX Error: Unicode character Âåñ (U+5316)
               not set up for use with LaTeX.

See the LaTeX manual or LaTeX Companion for explanation.
Type  H <return>  for immediate help.
 ...                                              
                                                  
l.50 ...ÔºåÂ§ßÈáèÁöÑÂ∑•‰ΩúÈÉΩËä±Âú®Ê±ÇËß£Á¶ªÊï£Âåñ
                                                  ÁöÑÁãÑÊãâÂÖãÊñπÁ®ã‰∏ä„ÄÇ‰º...
You may provide a definition with
\DeclareUnicodeCharacter 


/home/zhangxin/draft/multgrid/1303.1377/aAMG4QCD.tex:50: LaTeX Error: Unicode character ÁöÑ (U+7684)
               not set up for use with LaTeX.

See the LaTeX manual or LaTeX Companion for explanation.
Type  H <return>  for immediate help.
 ...                                              
                                                  
l.50 ...Â§ßÈáèÁöÑÂ∑•‰ΩúÈÉΩËä±Âú®Ê±ÇËß£Á¶ªÊï£ÂåñÁöÑ
                                                  ÁãÑÊãâÂÖãÊñπÁ®ã‰∏ä„ÄÇ‰º†Áª...
You may provide a definition with
\DeclareUnicodeCharacter 


/home/zhangxin/draft/multgrid/1303.1377/aAMG4QCD.tex:50: LaTeX Error: Unicode character ÁãÑ (U+72C4)
               not set up for use with LaTeX.

See the LaTeX manual or LaTeX Companion for explanation.
Type  H <return>  for immediate help.
 ...                                              
                                                  
l.50 ...ÈáèÁöÑÂ∑•‰ΩúÈÉΩËä±Âú®Ê±ÇËß£Á¶ªÊï£ÂåñÁöÑÁãÑ
                                                  ÊãâÂÖãÊñπÁ®ã‰∏ä„ÄÇ‰º†ÁªüÁö...
You may provide a definition with
\DeclareUnicodeCharacter 


/home/zhangxin/draft/multgrid/1303.1377/aAMG4QCD.tex:50: LaTeX Error: Unicode character Êãâ (U+62C9)
               not set up for use with LaTeX.

See the LaTeX manual or LaTeX Companion for explanation.
Type  H <return>  for immediate help.
 ...                                              
                                                  
l.50 ...ÁöÑÂ∑•‰ΩúÈÉΩËä±Âú®Ê±ÇËß£Á¶ªÊï£ÂåñÁöÑÁãÑÊãâ
                                                  ÂÖãÊñπÁ®ã‰∏ä„ÄÇ‰º†ÁªüÁöÑ K...
You may provide a definition with
\DeclareUnicodeCharacter 


/home/zhangxin/draft/multgrid/1303.1377/aAMG4QCD.tex:50: LaTeX Error: Unicode character ÂÖã (U+514B)
               not set up for use with LaTeX.

See the LaTeX manual or LaTeX Companion for explanation.
Type  H <return>  for immediate help.
 ...                                              
                                                  
l.50 ...Â∑•‰ΩúÈÉΩËä±Âú®Ê±ÇËß£Á¶ªÊï£ÂåñÁöÑÁãÑÊãâÂÖã
                                                  ÊñπÁ®ã‰∏ä„ÄÇ‰º†ÁªüÁöÑ Kryl...
You may provide a definition with
\DeclareUnicodeCharacter 


/home/zhangxin/draft/multgrid/1303.1377/aAMG4QCD.tex:50: LaTeX Error: Unicode character Êñπ (U+65B9)
               not set up for use with LaTeX.

See the LaTeX manual or LaTeX Companion for explanation.
Type  H <return>  for immediate help.
 ...                                              
                                                  
l.50 ...‰ΩúÈÉΩËä±Âú®Ê±ÇËß£Á¶ªÊï£ÂåñÁöÑÁãÑÊãâÂÖãÊñπ
                                                  Á®ã‰∏ä„ÄÇ‰º†ÁªüÁöÑ Krylov ...
You may provide a definition with
\DeclareUnicodeCharacter 


/home/zhangxin/draft/multgrid/1303.1377/aAMG4QCD.tex:50: LaTeX Error: Unicode character Á®ã (U+7A0B)
               not set up for use with LaTeX.

See the LaTeX manual or LaTeX Companion for explanation.
Type  H <return>  for immediate help.
 ...                                              
                                                  
l.50 ...ÈÉΩËä±Âú®Ê±ÇËß£Á¶ªÊï£ÂåñÁöÑÁãÑÊãâÂÖãÊñπÁ®ã
                                                  ‰∏ä„ÄÇ‰º†ÁªüÁöÑ Krylov Ê±Ç...
You may provide a definition with
\DeclareUnicodeCharacter 


/home/zhangxin/draft/multgrid/1303.1377/aAMG4QCD.tex:50: LaTeX Error: Unicode character ‰∏ä (U+4E0A)
               not set up for use with LaTeX.

See the LaTeX manual or LaTeX Companion for explanation.
Type  H <return>  for immediate help.
 ...                                              
                                                  
l.50 ...Ëä±Âú®Ê±ÇËß£Á¶ªÊï£ÂåñÁöÑÁãÑÊãâÂÖãÊñπÁ®ã‰∏ä
                                                  „ÄÇ‰º†ÁªüÁöÑ Krylov Ê±ÇËß£...
You may provide a definition with
\DeclareUnicodeCharacter 


/home/zhangxin/draft/multgrid/1303.1377/aAMG4QCD.tex:50: LaTeX Error: Unicode character „ÄÇ (U+3002)
               not set up for use with LaTeX.

See the LaTeX manual or LaTeX Companion for explanation.
Type  H <return>  for immediate help.
 ...                                              
                                                  
l.50 ...Âú®Ê±ÇËß£Á¶ªÊï£ÂåñÁöÑÁãÑÊãâÂÖãÊñπÁ®ã‰∏ä„ÄÇ
                                                  ‰º†ÁªüÁöÑ Krylov Ê±ÇËß£Âô®...
You may provide a definition with
\DeclareUnicodeCharacter 


/home/zhangxin/draft/multgrid/1303.1377/aAMG4QCD.tex:50: LaTeX Error: Unicode character ‰º† (U+4F20)
               not set up for use with LaTeX.

See the LaTeX manual or LaTeX Companion for explanation.
Type  H <return>  for immediate help.
 ...                                              
                                                  
l.50 ...Ê±ÇËß£Á¶ªÊï£ÂåñÁöÑÁãÑÊãâÂÖãÊñπÁ®ã‰∏ä„ÄÇ‰º†
                                                  ÁªüÁöÑ Krylov Ê±ÇËß£Âô®Âú®...
You may provide a definition with
\DeclareUnicodeCharacter 


/home/zhangxin/draft/multgrid/1303.1377/aAMG4QCD.tex:50: LaTeX Error: Unicode character Áªü (U+7EDF)
               not set up for use with LaTeX.

See the LaTeX manual or LaTeX Companion for explanation.
Type  H <return>  for immediate help.
 ...                                              
                                                  
l.50 ...Ëß£Á¶ªÊï£ÂåñÁöÑÁãÑÊãâÂÖãÊñπÁ®ã‰∏ä„ÄÇ‰º†Áªü
                                                  ÁöÑ Krylov Ê±ÇËß£Âô®Âú®Á≥ª...
You may provide a definition with
\DeclareUnicodeCharacter 


/home/zhangxin/draft/multgrid/1303.1377/aAMG4QCD.tex:50: LaTeX Error: Unicode character ÁöÑ (U+7684)
               not set up for use with LaTeX.

See the LaTeX manual or LaTeX Companion for explanation.
Type  H <return>  for immediate help.
 ...                                              
                                                  
l.50 ...Á¶ªÊï£ÂåñÁöÑÁãÑÊãâÂÖãÊñπÁ®ã‰∏ä„ÄÇ‰º†ÁªüÁöÑ
                                                   Krylov Ê±ÇËß£Âô®Âú®Á≥ªÁªü...
You may provide a definition with
\DeclareUnicodeCharacter 


/home/zhangxin/draft/multgrid/1303.1377/aAMG4QCD.tex:50: LaTeX Error: Unicode character Ê±Ç (U+6C42)
               not set up for use with LaTeX.

See the LaTeX manual or LaTeX Companion for explanation.
Type  H <return>  for immediate help.
 ...                                              
                                                  
l.50 ...ÑÁãÑÊãâÂÖãÊñπÁ®ã‰∏ä„ÄÇ‰º†ÁªüÁöÑ Krylov Ê±Ç
                                                  Ëß£Âô®Âú®Á≥ªÁªüËßÑÊ®°ËæÉÂ§...
You may provide a definition with
\DeclareUnicodeCharacter 


/home/zhangxin/draft/multgrid/1303.1377/aAMG4QCD.tex:50: LaTeX Error: Unicode character Ëß£ (U+89E3)
               not set up for use with LaTeX.

See the LaTeX manual or LaTeX Companion for explanation.
Type  H <return>  for immediate help.
 ...                                              
                                                  
l.50 ...ÑÊãâÂÖãÊñπÁ®ã‰∏ä„ÄÇ‰º†ÁªüÁöÑ Krylov Ê±ÇËß£
                                                  Âô®Âú®Á≥ªÁªüËßÑÊ®°ËæÉÂ§ßÂí...
You may provide a definition with
\DeclareUnicodeCharacter 


/home/zhangxin/draft/multgrid/1303.1377/aAMG4QCD.tex:50: LaTeX Error: Unicode character Âô® (U+5668)
               not set up for use with LaTeX.

See the LaTeX manual or LaTeX Companion for explanation.
Type  H <return>  for immediate help.
 ...                                              
                                                  
l.50 ...âÂÖãÊñπÁ®ã‰∏ä„ÄÇ‰º†ÁªüÁöÑ Krylov Ê±ÇËß£Âô®
                                                  Âú®Á≥ªÁªüËßÑÊ®°ËæÉÂ§ßÂíåÁâ...
You may provide a definition with
\DeclareUnicodeCharacter 


/home/zhangxin/draft/multgrid/1303.1377/aAMG4QCD.tex:50: LaTeX Error: Unicode character Âú® (U+5728)
               not set up for use with LaTeX.

See the LaTeX manual or LaTeX Companion for explanation.
Type  H <return>  for immediate help.
 ...                                              
                                                  
l.50 ...ãÊñπÁ®ã‰∏ä„ÄÇ‰º†ÁªüÁöÑ Krylov Ê±ÇËß£Âô®Âú®
                                                  Á≥ªÁªüËßÑÊ®°ËæÉÂ§ßÂíåÁâ©Áê...
You may provide a definition with
\DeclareUnicodeCharacter 


/home/zhangxin/draft/multgrid/1303.1377/aAMG4QCD.tex:50: LaTeX Error: Unicode character Á≥ª (U+7CFB)
               not set up for use with LaTeX.

See the LaTeX manual or LaTeX Companion for explanation.
Type  H <return>  for immediate help.
 ...                                              
                                                  
l.50 ...πÁ®ã‰∏ä„ÄÇ‰º†ÁªüÁöÑ Krylov Ê±ÇËß£Âô®Âú®Á≥ª
                                                  ÁªüËßÑÊ®°ËæÉÂ§ßÂíåÁâ©ÁêÜ‰∏...
You may provide a definition with
\DeclareUnicodeCharacter 


/home/zhangxin/draft/multgrid/1303.1377/aAMG4QCD.tex:50: LaTeX Error: Unicode character Áªü (U+7EDF)
               not set up for use with LaTeX.

See the LaTeX manual or LaTeX Companion for explanation.
Type  H <return>  for immediate help.
 ...                                              
                                                  
l.50 ...ã‰∏ä„ÄÇ‰º†ÁªüÁöÑ Krylov Ê±ÇËß£Âô®Âú®Á≥ªÁªü
                                                  ËßÑÊ®°ËæÉÂ§ßÂíåÁâ©ÁêÜ‰∏äÊú...
You may provide a definition with
\DeclareUnicodeCharacter 


/home/zhangxin/draft/multgrid/1303.1377/aAMG4QCD.tex:50: LaTeX Error: Unicode character ËßÑ (U+89C4)
               not set up for use with LaTeX.

See the LaTeX manual or LaTeX Companion for explanation.
Type  H <return>  for immediate help.
 ...                                              
                                                  
l.50 ...ä„ÄÇ‰º†ÁªüÁöÑ Krylov Ê±ÇËß£Âô®Âú®Á≥ªÁªüËßÑ
                                                  Ê®°ËæÉÂ§ßÂíåÁâ©ÁêÜ‰∏äÊúâË∂...
You may provide a definition with
\DeclareUnicodeCharacter 


/home/zhangxin/draft/multgrid/1303.1377/aAMG4QCD.tex:50: LaTeX Error: Unicode character Ê®° (U+6A21)
               not set up for use with LaTeX.

See the LaTeX manual or LaTeX Companion for explanation.
Type  H <return>  for immediate help.
 ...                                              
                                                  
l.50 ...Ç‰º†ÁªüÁöÑ Krylov Ê±ÇËß£Âô®Âú®Á≥ªÁªüËßÑÊ®°
                                                  ËæÉÂ§ßÂíåÁâ©ÁêÜ‰∏äÊúâË∂£Áö...
You may provide a definition with
\DeclareUnicodeCharacter 


/home/zhangxin/draft/multgrid/1303.1377/aAMG4QCD.tex:50: LaTeX Error: Unicode character ËæÉ (U+8F83)
               not set up for use with LaTeX.

See the LaTeX manual or LaTeX Companion for explanation.
Type  H <return>  for immediate help.
 ...                                              
                                                  
l.50 ...†ÁªüÁöÑ Krylov Ê±ÇËß£Âô®Âú®Á≥ªÁªüËßÑÊ®°ËæÉ
                                                  Â§ßÂíåÁâ©ÁêÜ‰∏äÊúâË∂£ÁöÑÂè...
You may provide a definition with
\DeclareUnicodeCharacter 


/home/zhangxin/draft/multgrid/1303.1377/aAMG4QCD.tex:50: LaTeX Error: Unicode character Â§ß (U+5927)
               not set up for use with LaTeX.

See the LaTeX manual or LaTeX Companion for explanation.
Type  H <return>  for immediate help.
 ...                                              
                                                  
l.50 ...üÁöÑ Krylov Ê±ÇËß£Âô®Âú®Á≥ªÁªüËßÑÊ®°ËæÉÂ§ß
                                                  ÂíåÁâ©ÁêÜ‰∏äÊúâË∂£ÁöÑÂèÇÊï...
You may provide a definition with
\DeclareUnicodeCharacter 


/home/zhangxin/draft/multgrid/1303.1377/aAMG4QCD.tex:50: LaTeX Error: Unicode character Âíå (U+548C)
               not set up for use with LaTeX.

See the LaTeX manual or LaTeX Companion for explanation.
Type  H <return>  for immediate help.
 ...                                              
                                                  
l.50 ...Ñ Krylov Ê±ÇËß£Âô®Âú®Á≥ªÁªüËßÑÊ®°ËæÉÂ§ßÂíå
                                                  Áâ©ÁêÜ‰∏äÊúâË∂£ÁöÑÂèÇÊï∞Âå...
You may provide a definition with
\DeclareUnicodeCharacter 


/home/zhangxin/draft/multgrid/1303.1377/aAMG4QCD.tex:50: LaTeX Error: Unicode character Áâ© (U+7269)
               not set up for use with LaTeX.

See the LaTeX manual or LaTeX Companion for explanation.
Type  H <return>  for immediate help.
 ...                                              
                                                  
l.50 ...rylov Ê±ÇËß£Âô®Âú®Á≥ªÁªüËßÑÊ®°ËæÉÂ§ßÂíåÁâ©
                                                  ÁêÜ‰∏äÊúâË∂£ÁöÑÂèÇÊï∞Âå∫Âü...
You may provide a definition with
\DeclareUnicodeCharacter 


/home/zhangxin/draft/multgrid/1303.1377/aAMG4QCD.tex:50: LaTeX Error: Unicode character ÁêÜ (U+7406)
               not set up for use with LaTeX.

See the LaTeX manual or LaTeX Companion for explanation.
Type  H <return>  for immediate help.
 ...                                              
                                                  
l.50 ...ov Ê±ÇËß£Âô®Âú®Á≥ªÁªüËßÑÊ®°ËæÉÂ§ßÂíåÁâ©ÁêÜ
                                                  ‰∏äÊúâË∂£ÁöÑÂèÇÊï∞Âå∫ÂüüÊó...
You may provide a definition with
\DeclareUnicodeCharacter 


/home/zhangxin/draft/multgrid/1303.1377/aAMG4QCD.tex:50: LaTeX Error: Unicode character ‰∏ä (U+4E0A)
               not set up for use with LaTeX.

See the LaTeX manual or LaTeX Companion for explanation.
Type  H <return>  for immediate help.
 ...                                              
                                                  
l.50 ...Ê±ÇËß£Âô®Âú®Á≥ªÁªüËßÑÊ®°ËæÉÂ§ßÂíåÁâ©ÁêÜ‰∏ä
                                                  ÊúâË∂£ÁöÑÂèÇÊï∞Âå∫ÂüüÊó∂‰º...
You may provide a definition with
\DeclareUnicodeCharacter 


/home/zhangxin/draft/multgrid/1303.1377/aAMG4QCD.tex:50: LaTeX Error: Unicode character Êúâ (U+6709)
               not set up for use with LaTeX.

See the LaTeX manual or LaTeX Companion for explanation.
Type  H <return>  for immediate help.
 ...                                              
                                                  
l.50 ...Ëß£Âô®Âú®Á≥ªÁªüËßÑÊ®°ËæÉÂ§ßÂíåÁâ©ÁêÜ‰∏äÊúâ
                                                  Ë∂£ÁöÑÂèÇÊï∞Âå∫ÂüüÊó∂‰ºöË°...
You may provide a definition with
\DeclareUnicodeCharacter 


/home/zhangxin/draft/multgrid/1303.1377/aAMG4QCD.tex:50: LaTeX Error: Unicode character Ë∂£ (U+8DA3)
               not set up for use with LaTeX.

See the LaTeX manual or LaTeX Companion for explanation.
Type  H <return>  for immediate help.
 ...                                              
                                                  
l.50 ...Âô®Âú®Á≥ªÁªüËßÑÊ®°ËæÉÂ§ßÂíåÁâ©ÁêÜ‰∏äÊúâË∂£
                                                  ÁöÑÂèÇÊï∞Âå∫ÂüüÊó∂‰ºöË°®Áé...
You may provide a definition with
\DeclareUnicodeCharacter 


/home/zhangxin/draft/multgrid/1303.1377/aAMG4QCD.tex:50: LaTeX Error: Unicode character ÁöÑ (U+7684)
               not set up for use with LaTeX.

See the LaTeX manual or LaTeX Companion for explanation.
Type  H <return>  for immediate help.
 ...                                              
                                                  
l.50 ...Âú®Á≥ªÁªüËßÑÊ®°ËæÉÂ§ßÂíåÁâ©ÁêÜ‰∏äÊúâË∂£ÁöÑ
                                                  ÂèÇÊï∞Âå∫ÂüüÊó∂‰ºöË°®Áé∞Âá...
You may provide a definition with
\DeclareUnicodeCharacter 


/home/zhangxin/draft/multgrid/1303.1377/aAMG4QCD.tex:50: LaTeX Error: Unicode character ÂèÇ (U+53C2)
               not set up for use with LaTeX.

See the LaTeX manual or LaTeX Companion for explanation.
Type  H <return>  for immediate help.
 ...                                              
                                                  
l.50 ...Á≥ªÁªüËßÑÊ®°ËæÉÂ§ßÂíåÁâ©ÁêÜ‰∏äÊúâË∂£ÁöÑÂèÇ
                                                  Êï∞Âå∫ÂüüÊó∂‰ºöË°®Áé∞Âá∫Êò...
You may provide a definition with
\DeclareUnicodeCharacter 


/home/zhangxin/draft/multgrid/1303.1377/aAMG4QCD.tex:50: LaTeX Error: Unicode character Êï∞ (U+6570)
               not set up for use with LaTeX.

See the LaTeX manual or LaTeX Companion for explanation.
Type  H <return>  for immediate help.
 ...                                              
                                                  
l.50 ...ÁªüËßÑÊ®°ËæÉÂ§ßÂíåÁâ©ÁêÜ‰∏äÊúâË∂£ÁöÑÂèÇÊï∞
                                                  Âå∫ÂüüÊó∂‰ºöË°®Áé∞Âá∫ÊòæËë...
You may provide a definition with
\DeclareUnicodeCharacter 


/home/zhangxin/draft/multgrid/1303.1377/aAMG4QCD.tex:50: LaTeX Error: Unicode character Âå∫ (U+533A)
               not set up for use with LaTeX.

See the LaTeX manual or LaTeX Companion for explanation.
Type  H <return>  for immediate help.
 ...                                              
                                                  
l.50 ...ËßÑÊ®°ËæÉÂ§ßÂíåÁâ©ÁêÜ‰∏äÊúâË∂£ÁöÑÂèÇÊï∞Âå∫
                                                  ÂüüÊó∂‰ºöË°®Áé∞Âá∫ÊòæËëóÁö...
You may provide a definition with
\DeclareUnicodeCharacter 


/home/zhangxin/draft/multgrid/1303.1377/aAMG4QCD.tex:50: LaTeX Error: Unicode character Âüü (U+57DF)
               not set up for use with LaTeX.

See the LaTeX manual or LaTeX Companion for explanation.
Type  H <return>  for immediate help.
 ...                                              
                                                  
l.50 ...Ê®°ËæÉÂ§ßÂíåÁâ©ÁêÜ‰∏äÊúâË∂£ÁöÑÂèÇÊï∞Âå∫Âüü
                                                  Êó∂‰ºöË°®Áé∞Âá∫ÊòæËëóÁöÑÂá...
You may provide a definition with
\DeclareUnicodeCharacter 


/home/zhangxin/draft/multgrid/1303.1377/aAMG4QCD.tex:50: LaTeX Error: Unicode character Êó∂ (U+65F6)
               not set up for use with LaTeX.

See the LaTeX manual or LaTeX Companion for explanation.
Type  H <return>  for immediate help.
 ...                                              
                                                  
l.50 ...ËæÉÂ§ßÂíåÁâ©ÁêÜ‰∏äÊúâË∂£ÁöÑÂèÇÊï∞Âå∫ÂüüÊó∂
                                                  ‰ºöË°®Áé∞Âá∫ÊòæËëóÁöÑÂáèÈÄ...
You may provide a definition with
\DeclareUnicodeCharacter 


/home/zhangxin/draft/multgrid/1303.1377/aAMG4QCD.tex:50: LaTeX Error: Unicode character ‰ºö (U+4F1A)
               not set up for use with LaTeX.

See the LaTeX manual or LaTeX Companion for explanation.
Type  H <return>  for immediate help.
 ...                                              
                                                  
l.50 ...Â§ßÂíåÁâ©ÁêÜ‰∏äÊúâË∂£ÁöÑÂèÇÊï∞Âå∫ÂüüÊó∂‰ºö
                                                  Ë°®Áé∞Âá∫ÊòæËëóÁöÑÂáèÈÄü„Ä...
You may provide a definition with
\DeclareUnicodeCharacter 


/home/zhangxin/draft/multgrid/1303.1377/aAMG4QCD.tex:50: LaTeX Error: Unicode character Ë°® (U+8868)
               not set up for use with LaTeX.

See the LaTeX manual or LaTeX Companion for explanation.
Type  H <return>  for immediate help.
 ...                                              
                                                  
l.50 ...ÂíåÁâ©ÁêÜ‰∏äÊúâË∂£ÁöÑÂèÇÊï∞Âå∫ÂüüÊó∂‰ºöË°®
                                                  Áé∞Âá∫ÊòæËëóÁöÑÂáèÈÄü„ÄÇÊà...
You may provide a definition with
\DeclareUnicodeCharacter 


/home/zhangxin/draft/multgrid/1303.1377/aAMG4QCD.tex:50: LaTeX Error: Unicode character Áé∞ (U+73B0)
               not set up for use with LaTeX.

See the LaTeX manual or LaTeX Companion for explanation.
Type  H <return>  for immediate help.
 ...                                              
                                                  
l.50 ...Áâ©ÁêÜ‰∏äÊúâË∂£ÁöÑÂèÇÊï∞Âå∫ÂüüÊó∂‰ºöË°®Áé∞
                                                  Âá∫ÊòæËëóÁöÑÂáèÈÄü„ÄÇÊàë‰ª...
You may provide a definition with
\DeclareUnicodeCharacter 


/home/zhangxin/draft/multgrid/1303.1377/aAMG4QCD.tex:50: LaTeX Error: Unicode character Âá∫ (U+51FA)
               not set up for use with LaTeX.

See the LaTeX manual or LaTeX Companion for explanation.
Type  H <return>  for immediate help.
 ...                                              
                                                  
l.50 ...ÁêÜ‰∏äÊúâË∂£ÁöÑÂèÇÊï∞Âå∫ÂüüÊó∂‰ºöË°®Áé∞Âá∫
                                                  ÊòæËëóÁöÑÂáèÈÄü„ÄÇÊàë‰ª¨Êè...
You may provide a definition with
\DeclareUnicodeCharacter 


/home/zhangxin/draft/multgrid/1303.1377/aAMG4QCD.tex:50: LaTeX Error: Unicode character Êòæ (U+663E)
               not set up for use with LaTeX.

See the LaTeX manual or LaTeX Companion for explanation.
Type  H <return>  for immediate help.
 ...                                              
                                                  
l.50 ...‰∏äÊúâË∂£ÁöÑÂèÇÊï∞Âå∫ÂüüÊó∂‰ºöË°®Áé∞Âá∫Êòæ
                                                  ËëóÁöÑÂáèÈÄü„ÄÇÊàë‰ª¨ÊèêÂá...
You may provide a definition with
\DeclareUnicodeCharacter 


/home/zhangxin/draft/multgrid/1303.1377/aAMG4QCD.tex:50: LaTeX Error: Unicode character Ëëó (U+8457)
               not set up for use with LaTeX.

See the LaTeX manual or LaTeX Companion for explanation.
Type  H <return>  for immediate help.
 ...                                              
                                                  
l.50 ...ÊúâË∂£ÁöÑÂèÇÊï∞Âå∫ÂüüÊó∂‰ºöË°®Áé∞Âá∫ÊòæËëó
                                                  ÁöÑÂáèÈÄü„ÄÇÊàë‰ª¨ÊèêÂá∫‰∫...
You may provide a definition with
\DeclareUnicodeCharacter 


/home/zhangxin/draft/multgrid/1303.1377/aAMG4QCD.tex:50: LaTeX Error: Unicode character ÁöÑ (U+7684)
               not set up for use with LaTeX.

See the LaTeX manual or LaTeX Companion for explanation.
Type  H <return>  for immediate help.
 ...                                              
                                                  
l.50 ...Ë∂£ÁöÑÂèÇÊï∞Âå∫ÂüüÊó∂‰ºöË°®Áé∞Âá∫ÊòæËëóÁöÑ
                                                  ÂáèÈÄü„ÄÇÊàë‰ª¨ÊèêÂá∫‰∫Ü‰∏...
You may provide a definition with
\DeclareUnicodeCharacter 


/home/zhangxin/draft/multgrid/1303.1377/aAMG4QCD.tex:50: LaTeX Error: Unicode character Âáè (U+51CF)
               not set up for use with LaTeX.

See the LaTeX manual or LaTeX Companion for explanation.
Type  H <return>  for immediate help.
 ...                                              
                                                  
l.50 ...ÁöÑÂèÇÊï∞Âå∫ÂüüÊó∂‰ºöË°®Áé∞Âá∫ÊòæËëóÁöÑÂáè
                                                  ÈÄü„ÄÇÊàë‰ª¨ÊèêÂá∫‰∫Ü‰∏ÄÁß...
You may provide a definition with
\DeclareUnicodeCharacter 


/home/zhangxin/draft/multgrid/1303.1377/aAMG4QCD.tex:50: LaTeX Error: Unicode character ÈÄü (U+901F)
               not set up for use with LaTeX.

See the LaTeX manual or LaTeX Companion for explanation.
Type  H <return>  for immediate help.
 ...                                              
                                                  
l.50 ...ÂèÇÊï∞Âå∫ÂüüÊó∂‰ºöË°®Áé∞Âá∫ÊòæËëóÁöÑÂáèÈÄü
                                                  „ÄÇÊàë‰ª¨ÊèêÂá∫‰∫Ü‰∏ÄÁßçÂü...
You may provide a definition with
\DeclareUnicodeCharacter 


/home/zhangxin/draft/multgrid/1303.1377/aAMG4QCD.tex:50: LaTeX Error: Unicode character „ÄÇ (U+3002)
               not set up for use with LaTeX.

See the LaTeX manual or LaTeX Companion for explanation.
Type  H <return>  for immediate help.
 ...                                              
                                                  
l.50 ...Êï∞Âå∫ÂüüÊó∂‰ºöË°®Áé∞Âá∫ÊòæËëóÁöÑÂáèÈÄü„ÄÇ
                                                  Êàë‰ª¨ÊèêÂá∫‰∫Ü‰∏ÄÁßçÂüüÂà...
You may provide a definition with
\DeclareUnicodeCharacter 


/home/zhangxin/draft/multgrid/1303.1377/aAMG4QCD.tex:50: LaTeX Error: Unicode character Êàë (U+6211)
               not set up for use with LaTeX.

See the LaTeX manual or LaTeX Companion for explanation.
Type  H <return>  for immediate help.
 ...                                              
                                                  
l.50 ...Âå∫ÂüüÊó∂‰ºöË°®Áé∞Âá∫ÊòæËëóÁöÑÂáèÈÄü„ÄÇÊàë
                                                  ‰ª¨ÊèêÂá∫‰∫Ü‰∏ÄÁßçÂüüÂàÜËß...
You may provide a definition with
\DeclareUnicodeCharacter 


/home/zhangxin/draft/multgrid/1303.1377/aAMG4QCD.tex:50: LaTeX Error: Unicode character ‰ª¨ (U+4EEC)
               not set up for use with LaTeX.

See the LaTeX manual or LaTeX Companion for explanation.
Type  H <return>  for immediate help.
 ...                                              
                                                  
l.50 ...ÂüüÊó∂‰ºöË°®Áé∞Âá∫ÊòæËëóÁöÑÂáèÈÄü„ÄÇÊàë‰ª¨
                                                  ÊèêÂá∫‰∫Ü‰∏ÄÁßçÂüüÂàÜËß£Ëá...
You may provide a definition with
\DeclareUnicodeCharacter 


/home/zhangxin/draft/multgrid/1303.1377/aAMG4QCD.tex:50: LaTeX Error: Unicode character Êèê (U+63D0)
               not set up for use with LaTeX.

See the LaTeX manual or LaTeX Companion for explanation.
Type  H <return>  for immediate help.
 ...                                              
                                                  
l.50 ...Êó∂‰ºöË°®Áé∞Âá∫ÊòæËëóÁöÑÂáèÈÄü„ÄÇÊàë‰ª¨Êèê
                                                  Âá∫‰∫Ü‰∏ÄÁßçÂüüÂàÜËß£Ëá™ÈÄ...
You may provide a definition with
\DeclareUnicodeCharacter 


/home/zhangxin/draft/multgrid/1303.1377/aAMG4QCD.tex:50: LaTeX Error: Unicode character Âá∫ (U+51FA)
               not set up for use with LaTeX.

See the LaTeX manual or LaTeX Companion for explanation.
Type  H <return>  for immediate help.
 ...                                              
                                                  
l.50 ...‰ºöË°®Áé∞Âá∫ÊòæËëóÁöÑÂáèÈÄü„ÄÇÊàë‰ª¨ÊèêÂá∫
                                                  ‰∫Ü‰∏ÄÁßçÂüüÂàÜËß£Ëá™ÈÄÇÂ∫...
You may provide a definition with
\DeclareUnicodeCharacter 


/home/zhangxin/draft/multgrid/1303.1377/aAMG4QCD.tex:50: LaTeX Error: Unicode character ‰∫Ü (U+4E86)
               not set up for use with LaTeX.

See the LaTeX manual or LaTeX Companion for explanation.
Type  H <return>  for immediate help.
 ...                                              
                                                  
l.50 ...Ë°®Áé∞Âá∫ÊòæËëóÁöÑÂáèÈÄü„ÄÇÊàë‰ª¨ÊèêÂá∫‰∫Ü
                                                  ‰∏ÄÁßçÂüüÂàÜËß£Ëá™ÈÄÇÂ∫î‰ª...
You may provide a definition with
\DeclareUnicodeCharacter 


/home/zhangxin/draft/multgrid/1303.1377/aAMG4QCD.tex:50: LaTeX Error: Unicode character ‰∏Ä (U+4E00)
               not set up for use with LaTeX.

See the LaTeX manual or LaTeX Companion for explanation.
Type  H <return>  for immediate help.
 ...                                              
                                                  
l.50 ...Áé∞Âá∫ÊòæËëóÁöÑÂáèÈÄü„ÄÇÊàë‰ª¨ÊèêÂá∫‰∫Ü‰∏Ä
                                                  ÁßçÂüüÂàÜËß£Ëá™ÈÄÇÂ∫î‰ª£Êï...
You may provide a definition with
\DeclareUnicodeCharacter 


/home/zhangxin/draft/multgrid/1303.1377/aAMG4QCD.tex:50: LaTeX Error: Unicode character Áßç (U+79CD)
               not set up for use with LaTeX.

See the LaTeX manual or LaTeX Companion for explanation.
Type  H <return>  for immediate help.
 ...                                              
                                                  
l.50 ...Âá∫ÊòæËëóÁöÑÂáèÈÄü„ÄÇÊàë‰ª¨ÊèêÂá∫‰∫Ü‰∏ÄÁßç
                                                  ÂüüÂàÜËß£Ëá™ÈÄÇÂ∫î‰ª£Êï∞Â§...
You may provide a definition with
\DeclareUnicodeCharacter 


/home/zhangxin/draft/multgrid/1303.1377/aAMG4QCD.tex:50: LaTeX Error: Unicode character Âüü (U+57DF)
               not set up for use with LaTeX.

See the LaTeX manual or LaTeX Companion for explanation.
Type  H <return>  for immediate help.
 ...                                              
                                                  
l.50 ...ÊòæËëóÁöÑÂáèÈÄü„ÄÇÊàë‰ª¨ÊèêÂá∫‰∫Ü‰∏ÄÁßçÂüü
                                                  ÂàÜËß£Ëá™ÈÄÇÂ∫î‰ª£Êï∞Â§öÈá...
You may provide a definition with
\DeclareUnicodeCharacter 


/home/zhangxin/draft/multgrid/1303.1377/aAMG4QCD.tex:50: LaTeX Error: Unicode character ÂàÜ (U+5206)
               not set up for use with LaTeX.

See the LaTeX manual or LaTeX Companion for explanation.
Type  H <return>  for immediate help.
 ...                                              
                                                  
l.50 ...ËëóÁöÑÂáèÈÄü„ÄÇÊàë‰ª¨ÊèêÂá∫‰∫Ü‰∏ÄÁßçÂüüÂàÜ
                                                  Ëß£Ëá™ÈÄÇÂ∫î‰ª£Êï∞Â§öÈáçÁΩ...
You may provide a definition with
\DeclareUnicodeCharacter 


/home/zhangxin/draft/multgrid/1303.1377/aAMG4QCD.tex:50: LaTeX Error: Unicode character Ëß£ (U+89E3)
               not set up for use with LaTeX.

See the LaTeX manual or LaTeX Companion for explanation.
Type  H <return>  for immediate help.
 ...                                              
                                                  
l.50 ...ÁöÑÂáèÈÄü„ÄÇÊàë‰ª¨ÊèêÂá∫‰∫Ü‰∏ÄÁßçÂüüÂàÜËß£
                                                  Ëá™ÈÄÇÂ∫î‰ª£Êï∞Â§öÈáçÁΩëÊ†...
You may provide a definition with
\DeclareUnicodeCharacter 


/home/zhangxin/draft/multgrid/1303.1377/aAMG4QCD.tex:50: LaTeX Error: Unicode character Ëá™ (U+81EA)
               not set up for use with LaTeX.

See the LaTeX manual or LaTeX Companion for explanation.
Type  H <return>  for immediate help.
 ...                                              
                                                  
l.50 ...ÂáèÈÄü„ÄÇÊàë‰ª¨ÊèêÂá∫‰∫Ü‰∏ÄÁßçÂüüÂàÜËß£Ëá™
                                                  ÈÄÇÂ∫î‰ª£Êï∞Â§öÈáçÁΩëÊ†ºÊ≥...
You may provide a definition with
\DeclareUnicodeCharacter 


/home/zhangxin/draft/multgrid/1303.1377/aAMG4QCD.tex:50: LaTeX Error: Unicode character ÈÄÇ (U+9002)
               not set up for use with LaTeX.

See the LaTeX manual or LaTeX Companion for explanation.
Type  H <return>  for immediate help.
 ...                                              
                                                  
l.50 ...ÈÄü„ÄÇÊàë‰ª¨ÊèêÂá∫‰∫Ü‰∏ÄÁßçÂüüÂàÜËß£Ëá™ÈÄÇ
                                                  Â∫î‰ª£Êï∞Â§öÈáçÁΩëÊ†ºÊ≥ïÔº...
You may provide a definition with
\DeclareUnicodeCharacter 


/home/zhangxin/draft/multgrid/1303.1377/aAMG4QCD.tex:50: LaTeX Error: Unicode character Â∫î (U+5E94)
               not set up for use with LaTeX.

See the LaTeX manual or LaTeX Companion for explanation.
Type  H <return>  for immediate help.
 ...                                              
                                                  
l.50 ...„ÄÇÊàë‰ª¨ÊèêÂá∫‰∫Ü‰∏ÄÁßçÂüüÂàÜËß£Ëá™ÈÄÇÂ∫î
                                                  ‰ª£Êï∞Â§öÈáçÁΩëÊ†ºÊ≥ïÔºåÂ∞...
You may provide a definition with
\DeclareUnicodeCharacter 


/home/zhangxin/draft/multgrid/1303.1377/aAMG4QCD.tex:50: LaTeX Error: Unicode character ‰ª£ (U+4EE3)
               not set up for use with LaTeX.

See the LaTeX manual or LaTeX Companion for explanation.
Type  H <return>  for immediate help.
 ...                                              
                                                  
l.50 ...Êàë‰ª¨ÊèêÂá∫‰∫Ü‰∏ÄÁßçÂüüÂàÜËß£Ëá™ÈÄÇÂ∫î‰ª£
                                                  Êï∞Â§öÈáçÁΩëÊ†ºÊ≥ïÔºåÂ∞ÜÂÖ...
You may provide a definition with
\DeclareUnicodeCharacter 


/home/zhangxin/draft/multgrid/1303.1377/aAMG4QCD.tex:50: LaTeX Error: Unicode character Êï∞ (U+6570)
               not set up for use with LaTeX.

See the LaTeX manual or LaTeX Companion for explanation.
Type  H <return>  for immediate help.
 ...                                              
                                                  
l.50 ...‰ª¨ÊèêÂá∫‰∫Ü‰∏ÄÁßçÂüüÂàÜËß£Ëá™ÈÄÇÂ∫î‰ª£Êï∞
                                                  Â§öÈáçÁΩëÊ†ºÊ≥ïÔºåÂ∞ÜÂÖ∂Áî...
You may provide a definition with
\DeclareUnicodeCharacter 


/home/zhangxin/draft/multgrid/1303.1377/aAMG4QCD.tex:50: LaTeX Error: Unicode character Â§ö (U+591A)
               not set up for use with LaTeX.

See the LaTeX manual or LaTeX Companion for explanation.
Type  H <return>  for immediate help.
 ...                                              
                                                  
l.50 ...ÊèêÂá∫‰∫Ü‰∏ÄÁßçÂüüÂàÜËß£Ëá™ÈÄÇÂ∫î‰ª£Êï∞Â§ö
                                                  ÈáçÁΩëÊ†ºÊ≥ïÔºåÂ∞ÜÂÖ∂Áî®‰Ω...
You may provide a definition with
\DeclareUnicodeCharacter 


/home/zhangxin/draft/multgrid/1303.1377/aAMG4QCD.tex:50: LaTeX Error: Unicode character Èáç (U+91CD)
               not set up for use with LaTeX.

See the LaTeX manual or LaTeX Companion for explanation.
Type  H <return>  for immediate help.
 ...                                              
                                                  
l.50 ...Âá∫‰∫Ü‰∏ÄÁßçÂüüÂàÜËß£Ëá™ÈÄÇÂ∫î‰ª£Êï∞Â§öÈáç
                                                  ÁΩëÊ†ºÊ≥ïÔºåÂ∞ÜÂÖ∂Áî®‰ΩúÈ¢...
You may provide a definition with
\DeclareUnicodeCharacter 


/home/zhangxin/draft/multgrid/1303.1377/aAMG4QCD.tex:50: LaTeX Error: Unicode character ÁΩë (U+7F51)
               not set up for use with LaTeX.

See the LaTeX manual or LaTeX Companion for explanation.
Type  H <return>  for immediate help.
 ...                                              
                                                  
l.50 ...‰∫Ü‰∏ÄÁßçÂüüÂàÜËß£Ëá™ÈÄÇÂ∫î‰ª£Êï∞Â§öÈáçÁΩë
                                                  Ê†ºÊ≥ïÔºåÂ∞ÜÂÖ∂Áî®‰ΩúÈ¢ÑÂ§...
You may provide a definition with
\DeclareUnicodeCharacter 


/home/zhangxin/draft/multgrid/1303.1377/aAMG4QCD.tex:50: LaTeX Error: Unicode character Ê†º (U+683C)
               not set up for use with LaTeX.

See the LaTeX manual or LaTeX Companion for explanation.
Type  H <return>  for immediate help.
 ...                                              
                                                  
l.50 ...‰∏ÄÁßçÂüüÂàÜËß£Ëá™ÈÄÇÂ∫î‰ª£Êï∞Â§öÈáçÁΩëÊ†º
                                                  Ê≥ïÔºåÂ∞ÜÂÖ∂Áî®‰ΩúÈ¢ÑÂ§ÑÁê...
You may provide a definition with
\DeclareUnicodeCharacter 


/home/zhangxin/draft/multgrid/1303.1377/aAMG4QCD.tex:50: LaTeX Error: Unicode character Ê≥ï (U+6CD5)
               not set up for use with LaTeX.

See the LaTeX manual or LaTeX Companion for explanation.
Type  H <return>  for immediate help.
 ...                                              
                                                  
l.50 ...ÁßçÂüüÂàÜËß£Ëá™ÈÄÇÂ∫î‰ª£Êï∞Â§öÈáçÁΩëÊ†ºÊ≥ï
                                                  ÔºåÂ∞ÜÂÖ∂Áî®‰ΩúÈ¢ÑÂ§ÑÁêÜÂô...
You may provide a definition with
\DeclareUnicodeCharacter 


/home/zhangxin/draft/multgrid/1303.1377/aAMG4QCD.tex:50: LaTeX Error: Unicode character Ôºå (U+FF0C)
               not set up for use with LaTeX.

See the LaTeX manual or LaTeX Companion for explanation.
Type  H <return>  for immediate help.
 ...                                              
                                                  
l.50 ...ÂüüÂàÜËß£Ëá™ÈÄÇÂ∫î‰ª£Êï∞Â§öÈáçÁΩëÊ†ºÊ≥ïÔºå
                                                  Â∞ÜÂÖ∂Áî®‰ΩúÈ¢ÑÂ§ÑÁêÜÂô®Êù...
You may provide a definition with
\DeclareUnicodeCharacter 


/home/zhangxin/draft/multgrid/1303.1377/aAMG4QCD.tex:50: LaTeX Error: Unicode character Â∞Ü (U+5C06)
               not set up for use with LaTeX.

See the LaTeX manual or LaTeX Companion for explanation.
Type  H <return>  for immediate help.
 ...                                              
                                                  
l.50 ...ÂàÜËß£Ëá™ÈÄÇÂ∫î‰ª£Êï∞Â§öÈáçÁΩëÊ†ºÊ≥ïÔºåÂ∞Ü
                                                  ÂÖ∂Áî®‰ΩúÈ¢ÑÂ§ÑÁêÜÂô®Êù•Ê±...
You may provide a definition with
\DeclareUnicodeCharacter 


/home/zhangxin/draft/multgrid/1303.1377/aAMG4QCD.tex:50: LaTeX Error: Unicode character ÂÖ∂ (U+5176)
               not set up for use with LaTeX.

See the LaTeX manual or LaTeX Companion for explanation.
Type  H <return>  for immediate help.
 ...                                              
                                                  
l.50 ...Ëß£Ëá™ÈÄÇÂ∫î‰ª£Êï∞Â§öÈáçÁΩëÊ†ºÊ≥ïÔºåÂ∞ÜÂÖ∂
                                                  Áî®‰ΩúÈ¢ÑÂ§ÑÁêÜÂô®Êù•Ê±ÇËß...
You may provide a definition with
\DeclareUnicodeCharacter 


/home/zhangxin/draft/multgrid/1303.1377/aAMG4QCD.tex:50: LaTeX Error: Unicode character Áî® (U+7528)
               not set up for use with LaTeX.

See the LaTeX manual or LaTeX Companion for explanation.
Type  H <return>  for immediate help.
 ...                                              
                                                  
l.50 ...Ëá™ÈÄÇÂ∫î‰ª£Êï∞Â§öÈáçÁΩëÊ†ºÊ≥ïÔºåÂ∞ÜÂÖ∂Áî®
                                                  ‰ΩúÈ¢ÑÂ§ÑÁêÜÂô®Êù•Ê±ÇËß£Áã...
You may provide a definition with
\DeclareUnicodeCharacter 


/home/zhangxin/draft/multgrid/1303.1377/aAMG4QCD.tex:50: LaTeX Error: Unicode character ‰Ωú (U+4F5C)
               not set up for use with LaTeX.

See the LaTeX manual or LaTeX Companion for explanation.
Type  H <return>  for immediate help.
 ...                                              
                                                  
l.50 ...ÈÄÇÂ∫î‰ª£Êï∞Â§öÈáçÁΩëÊ†ºÊ≥ïÔºåÂ∞ÜÂÖ∂Áî®‰Ωú
                                                  È¢ÑÂ§ÑÁêÜÂô®Êù•Ê±ÇËß£ÁãÑÊã...
You may provide a definition with
\DeclareUnicodeCharacter 


/home/zhangxin/draft/multgrid/1303.1377/aAMG4QCD.tex:50: LaTeX Error: Unicode character È¢Ñ (U+9884)
               not set up for use with LaTeX.

See the LaTeX manual or LaTeX Companion for explanation.
Type  H <return>  for immediate help.
 ...                                              
                                                  
l.50 ...Â∫î‰ª£Êï∞Â§öÈáçÁΩëÊ†ºÊ≥ïÔºåÂ∞ÜÂÖ∂Áî®‰ΩúÈ¢Ñ
                                                  Â§ÑÁêÜÂô®Êù•Ê±ÇËß£ÁãÑÊãâÂÖ...
You may provide a definition with
\DeclareUnicodeCharacter 


/home/zhangxin/draft/multgrid/1303.1377/aAMG4QCD.tex:50: LaTeX Error: Unicode character Â§Ñ (U+5904)
               not set up for use with LaTeX.

See the LaTeX manual or LaTeX Companion for explanation.
Type  H <return>  for immediate help.
 ...                                              
                                                  
l.50 ...‰ª£Êï∞Â§öÈáçÁΩëÊ†ºÊ≥ïÔºåÂ∞ÜÂÖ∂Áî®‰ΩúÈ¢ÑÂ§Ñ
                                                  ÁêÜÂô®Êù•Ê±ÇËß£ÁãÑÊãâÂÖãÊñ...
You may provide a definition with
\DeclareUnicodeCharacter 


/home/zhangxin/draft/multgrid/1303.1377/aAMG4QCD.tex:50: LaTeX Error: Unicode character ÁêÜ (U+7406)
               not set up for use with LaTeX.

See the LaTeX manual or LaTeX Companion for explanation.
Type  H <return>  for immediate help.
 ...                                              
                                                  
l.50 ...Êï∞Â§öÈáçÁΩëÊ†ºÊ≥ïÔºåÂ∞ÜÂÖ∂Áî®‰ΩúÈ¢ÑÂ§ÑÁêÜ
                                                  Âô®Êù•Ê±ÇËß£ÁãÑÊãâÂÖãÊñπÁ®...
You may provide a definition with
\DeclareUnicodeCharacter 


/home/zhangxin/draft/multgrid/1303.1377/aAMG4QCD.tex:50: LaTeX Error: Unicode character Âô® (U+5668)
               not set up for use with LaTeX.

See the LaTeX manual or LaTeX Companion for explanation.
Type  H <return>  for immediate help.
 ...                                              
                                                  
l.50 ...Â§öÈáçÁΩëÊ†ºÊ≥ïÔºåÂ∞ÜÂÖ∂Áî®‰ΩúÈ¢ÑÂ§ÑÁêÜÂô®
                                                  Êù•Ê±ÇËß£ÁãÑÊãâÂÖãÊñπÁ®ãÁö...
You may provide a definition with
\DeclareUnicodeCharacter 


/home/zhangxin/draft/multgrid/1303.1377/aAMG4QCD.tex:50: LaTeX Error: Unicode character Êù• (U+6765)
               not set up for use with LaTeX.

See the LaTeX manual or LaTeX Companion for explanation.
Type  H <return>  for immediate help.
 ...                                              
                                                  
l.50 ...ÈáçÁΩëÊ†ºÊ≥ïÔºåÂ∞ÜÂÖ∂Áî®‰ΩúÈ¢ÑÂ§ÑÁêÜÂô®Êù•
                                                  Ê±ÇËß£ÁãÑÊãâÂÖãÊñπÁ®ãÁöÑ‚Ä...
You may provide a definition with
\DeclareUnicodeCharacter 


/home/zhangxin/draft/multgrid/1303.1377/aAMG4QCD.tex:50: LaTeX Error: Unicode character Ê±Ç (U+6C42)
               not set up for use with LaTeX.

See the LaTeX manual or LaTeX Companion for explanation.
Type  H <return>  for immediate help.
 ...                                              
                                                  
l.50 ...ÁΩëÊ†ºÊ≥ïÔºåÂ∞ÜÂÖ∂Áî®‰ΩúÈ¢ÑÂ§ÑÁêÜÂô®Êù•Ê±Ç
                                                  Ëß£ÁãÑÊãâÂÖãÊñπÁ®ãÁöÑ‚Äú‰∏...
You may provide a definition with
\DeclareUnicodeCharacter 


/home/zhangxin/draft/multgrid/1303.1377/aAMG4QCD.tex:50: LaTeX Error: Unicode character Ëß£ (U+89E3)
               not set up for use with LaTeX.

See the LaTeX manual or LaTeX Companion for explanation.
Type  H <return>  for immediate help.
 ...                                              
                                                  
l.50 ...Ê†ºÊ≥ïÔºåÂ∞ÜÂÖ∂Áî®‰ΩúÈ¢ÑÂ§ÑÁêÜÂô®Êù•Ê±ÇËß£
                                                  ÁãÑÊãâÂÖãÊñπÁ®ãÁöÑ‚Äú‰∏âÂè...
You may provide a definition with
\DeclareUnicodeCharacter 


/home/zhangxin/draft/multgrid/1303.1377/aAMG4QCD.tex:50: LaTeX Error: Unicode character ÁãÑ (U+72C4)
               not set up for use with LaTeX.

See the LaTeX manual or LaTeX Companion for explanation.
Type  H <return>  for immediate help.
 ...                                              
                                                  
l.50 ...Ê≥ïÔºåÂ∞ÜÂÖ∂Áî®‰ΩúÈ¢ÑÂ§ÑÁêÜÂô®Êù•Ê±ÇËß£ÁãÑ
                                                  ÊãâÂÖãÊñπÁ®ãÁöÑ‚Äú‰∏âÂè∂Ëç...
You may provide a definition with
\DeclareUnicodeCharacter 


/home/zhangxin/draft/multgrid/1303.1377/aAMG4QCD.tex:50: LaTeX Error: Unicode character Êãâ (U+62C9)
               not set up for use with LaTeX.

See the LaTeX manual or LaTeX Companion for explanation.
Type  H <return>  for immediate help.
 ...                                              
                                                  
l.50 ...ÔºåÂ∞ÜÂÖ∂Áî®‰ΩúÈ¢ÑÂ§ÑÁêÜÂô®Êù•Ê±ÇËß£ÁãÑÊãâ
                                                  ÂÖãÊñπÁ®ãÁöÑ‚Äú‰∏âÂè∂ËçâÊî...
You may provide a definition with
\DeclareUnicodeCharacter 


/home/zhangxin/draft/multgrid/1303.1377/aAMG4QCD.tex:50: LaTeX Error: Unicode character ÂÖã (U+514B)
               not set up for use with LaTeX.

See the LaTeX manual or LaTeX Companion for explanation.
Type  H <return>  for immediate help.
 ...                                              
                                                  
l.50 ...Â∞ÜÂÖ∂Áî®‰ΩúÈ¢ÑÂ§ÑÁêÜÂô®Êù•Ê±ÇËß£ÁãÑÊãâÂÖã
                                                  ÊñπÁ®ãÁöÑ‚Äú‰∏âÂè∂ËçâÊîπËø...
You may provide a definition with
\DeclareUnicodeCharacter 


/home/zhangxin/draft/multgrid/1303.1377/aAMG4QCD.tex:50: LaTeX Error: Unicode character Êñπ (U+65B9)
               not set up for use with LaTeX.

See the LaTeX manual or LaTeX Companion for explanation.
Type  H <return>  for immediate help.
 ...                                              
                                                  
l.50 ...ÂÖ∂Áî®‰ΩúÈ¢ÑÂ§ÑÁêÜÂô®Êù•Ê±ÇËß£ÁãÑÊãâÂÖãÊñπ
                                                  Á®ãÁöÑ‚Äú‰∏âÂè∂ËçâÊîπËøõ‚Ä...
You may provide a definition with
\DeclareUnicodeCharacter 


/home/zhangxin/draft/multgrid/1303.1377/aAMG4QCD.tex:50: LaTeX Error: Unicode character Á®ã (U+7A0B)
               not set up for use with LaTeX.

See the LaTeX manual or LaTeX Companion for explanation.
Type  H <return>  for immediate help.
 ...                                              
                                                  
l.50 ...Áî®‰ΩúÈ¢ÑÂ§ÑÁêÜÂô®Êù•Ê±ÇËß£ÁãÑÊãâÂÖãÊñπÁ®ã
                                                  ÁöÑ‚Äú‰∏âÂè∂ËçâÊîπËøõ‚ÄùÂ®...
(That makes 100 errors; please try again.) 
Here is how much of TeX's memory you used:
 14418 strings out of 478287
 286938 string characters out of 5849289
 552634 words of memory out of 5000000
 32349 multiletter control sequences out of 15000+600000
 475939 words of font info for 56 fonts, out of 8000000 for 9000
 1141 hyphenation exceptions out of 8191
 84i,4n,89p,855b,223s stack positions out of 5000i,500n,10000p,200000b,80000s

/home/zhangxin/draft/multgrid/1303.1377/aAMG4QCD.tex:50:  ==> Fatal error occurred, no output PDF file produced!
